{
  "time": 1594837681.917139,
  "procedure": "SEARCH",
  "address": [
    "",
    8001
  ],
  "neighbors": [
    {
      "address": [
        "",
        8001
      ],
      "last_sent_to": 1594837681.917883,
      "last_recv_from": 1594837681.9178834,
      "type": "temp",
      "neighbors_list": []
    }
  ]
}{
  "time": 1594837681.917139,
  "procedure": "SEND",
  "address": [
    "",
    8001
  ],
  "neighbors": [
    {
      "address": [
        "",
        8001
      ],
      "last_sent_to": 1594837683.9576967,
      "last_recv_from": 1594837681.9178834,
      "type": "temp",
      "neighbors_list": []
    }
  ]
}{
  "time": 1594837681.917139,
  "procedure": "RCV",
  "address": [
    "",
    8001
  ],
  "neighbors": [
    {
      "address": [
        "",
        8001
      ],
      "last_sent_to": 1594837683.9576967,
      "last_recv_from": 1594837681.9178834,
      "type": "temp",
      "neighbors_list": []
    }
  ]
}{
  "time": 1594837681.917139,
  "procedure": "UPDATE",
  "address": [
    "",
    8001
  ],
  "neighbors": [
    {
      "address": [
        "",
        8001
      ],
      "last_sent_to": 1594837683.9576967,
      "last_recv_from": 1594837684.1183696,
      "type": "bi",
      "neighbors_list": [
        [
          [
            "",
            8000
          ],
          "tempuni"
        ]
      ]
    }
  ]
}{
  "time": 1594837681.917139,
  "procedure": "SEND",
  "address": [
    "",
    8001
  ],
  "neighbors": [
    {
      "address": [
        "",
        8001
      ],
      "last_sent_to": 1594837685.991406,
      "last_recv_from": 1594837684.1183696,
      "type": "bi",
      "neighbors_list": [
        [
          [
            "",
            8000
          ],
          "tempuni"
        ]
      ]
    }
  ]
}{
  "time": 1594837681.917139,
  "procedure": "PcktLoss",
  "address": [
    "",
    8001
  ],
  "neighbors": [
    {
      "address": [
        "",
        8001
      ],
      "last_sent_to": 1594837685.991406,
      "last_recv_from": 1594837684.1183696,
      "type": "bi",
      "neighbors_list": [
        [
          [
            "",
            8000
          ],
          "tempuni"
        ]
      ]
    }
  ]
}