[
  [
    "",
    8001
  ],
  {
    "time": 1595186841.2124336,
    "procedure": "SEARCH",
    "address": [
      "",
      8003
    ],
    "neighbors": [
      {
        "address": [
          "",
          8000
        ],
        "last_sent_to": 1595186841.2118804,
        "last_recv_from": 1595186841.2118807,
        "type": null,
        "neighbors_list": []
      },
      {
        "address": [
          "",
          8002
        ],
        "last_sent_to": 1595186841.2118893,
        "last_recv_from": 1595186841.2118895,
        "type": null,
        "neighbors_list": []
      },
      {
        "address": [
          "",
          8003
        ],
        "last_sent_to": 1595186841.2118921,
        "last_recv_from": 1595186841.2118924,
        "type": "temp",
        "neighbors_list": []
      },
      {
        "address": [
          "",
          8004
        ],
        "last_sent_to": 1595186841.2118945,
        "last_recv_from": 1595186841.2118945,
        "type": null,
        "neighbors_list": []
      },
      {
        "address": [
          "",
          8005
        ],
        "last_sent_to": 1595186841.2118964,
        "last_recv_from": 1595186841.2118964,
        "type": null,
        "neighbors_list": []
      }
    ]
  },
  {
    "time": 1595186843.2189934,
    "procedure": "SEARCH",
    "address": [
      "",
      8005
    ],
    "neighbors": [
      {
        "address": [
          "",
          8000
        ],
        "last_sent_to": 1595186841.2118804,
        "last_recv_from": 1595186841.2118807,
        "type": null,
        "neighbors_list": []
      },
      {
        "address": [
          "",
          8002
        ],
        "last_sent_to": 1595186841.2118893,
        "last_recv_from": 1595186841.2118895,
        "type": null,
        "neighbors_list": []
      },
      {
        "address": [
          "",
          8003
        ],
        "last_sent_to": 1595186841.2118921,
        "last_recv_from": 1595186841.2118924,
        "type": "temp",
        "neighbors_list": []
      },
      {
        "address": [
          "",
          8004
        ],
        "last_sent_to": 1595186841.2118945,
        "last_recv_from": 1595186841.2118945,
        "type": null,
        "neighbors_list": []
      },
      {
        "address": [
          "",
          8005
        ],
        "last_sent_to": 1595186841.2118964,
        "last_recv_from": 1595186841.2118964,
        "type": "temp",
        "neighbors_list": []
      }
    ]
  },
  {
    "time": 1595186843.21916,
    "procedure": "SEND",
    "address": [
      "",
      8003
    ],
    "neighbors": [
      {
        "address": [
          "",
          8000
        ],
        "last_sent_to": 1595186841.2118804,
        "last_recv_from": 1595186841.2118807,
        "type": null,
        "neighbors_list": []
      },
      {
        "address": [
          "",
          8002
        ],
        "last_sent_to": 1595186841.2118893,
        "last_recv_from": 1595186841.2118895,
        "type": null,
        "neighbors_list": []
      },
      {
        "address": [
          "",
          8003
        ],
        "last_sent_to": 1595186843.2191582,
        "last_recv_from": 1595186841.2118924,
        "type": "temp",
        "neighbors_list": []
      },
      {
        "address": [
          "",
          8004
        ],
        "last_sent_to": 1595186841.2118945,
        "last_recv_from": 1595186841.2118945,
        "type": null,
        "neighbors_list": []
      },
      {
        "address": [
          "",
          8005
        ],
        "last_sent_to": 1595186841.2118964,
        "last_recv_from": 1595186841.2118964,
        "type": "temp",
        "neighbors_list": []
      }
    ]
  },
  {
    "time": 1595186843.219393,
    "procedure": "SEND",
    "address": [
      "",
      8005
    ],
    "neighbors": [
      {
        "address": [
          "",
          8000
        ],
        "last_sent_to": 1595186841.2118804,
        "last_recv_from": 1595186841.2118807,
        "type": null,
        "neighbors_list": []
      },
      {
        "address": [
          "",
          8002
        ],
        "last_sent_to": 1595186841.2118893,
        "last_recv_from": 1595186841.2118895,
        "type": null,
        "neighbors_list": []
      },
      {
        "address": [
          "",
          8003
        ],
        "last_sent_to": 1595186843.2191582,
        "last_recv_from": 1595186841.2118924,
        "type": "temp",
        "neighbors_list": []
      },
      {
        "address": [
          "",
          8004
        ],
        "last_sent_to": 1595186841.2118945,
        "last_recv_from": 1595186841.2118945,
        "type": null,
        "neighbors_list": []
      },
      {
        "address": [
          "",
          8005
        ],
        "last_sent_to": 1595186843.2193904,
        "last_recv_from": 1595186841.2118964,
        "type": "temp",
        "neighbors_list": []
      }
    ]
  },
  {
    "time": 1595186843.2318761,
    "procedure": "RCV",
    "address": [
      "",
      8000
    ],
    "neighbors": [
      {
        "address": [
          "",
          8000
        ],
        "last_sent_to": 1595186841.2118804,
        "last_recv_from": 1595186841.2118807,
        "type": null,
        "neighbors_list": []
      },
      {
        "address": [
          "",
          8002
        ],
        "last_sent_to": 1595186841.2118893,
        "last_recv_from": 1595186841.2118895,
        "type": null,
        "neighbors_list": []
      },
      {
        "address": [
          "",
          8003
        ],
        "last_sent_to": 1595186843.2191582,
        "last_recv_from": 1595186841.2118924,
        "type": "temp",
        "neighbors_list": []
      },
      {
        "address": [
          "",
          8004
        ],
        "last_sent_to": 1595186841.2118945,
        "last_recv_from": 1595186841.2118945,
        "type": null,
        "neighbors_list": []
      },
      {
        "address": [
          "",
          8005
        ],
        "last_sent_to": 1595186843.2193904,
        "last_recv_from": 1595186841.2118964,
        "type": "temp",
        "neighbors_list": []
      }
    ]
  },
  {
    "time": 1595186843.2321534,
    "procedure": "UPDATE",
    "address": [
      "",
      8000
    ],
    "neighbors": [
      {
        "address": [
          "",
          8000
        ],
        "last_sent_to": 1595186841.2118804,
        "last_recv_from": 1595186843.2321486,
        "type": "uni",
        "neighbors_list": []
      },
      {
        "address": [
          "",
          8002
        ],
        "last_sent_to": 1595186841.2118893,
        "last_recv_from": 1595186841.2118895,
        "type": null,
        "neighbors_list": []
      },
      {
        "address": [
          "",
          8003
        ],
        "last_sent_to": 1595186843.2191582,
        "last_recv_from": 1595186841.2118924,
        "type": "temp",
        "neighbors_list": []
      },
      {
        "address": [
          "",
          8004
        ],
        "last_sent_to": 1595186841.2118945,
        "last_recv_from": 1595186841.2118945,
        "type": null,
        "neighbors_list": []
      },
      {
        "address": [
          "",
          8005
        ],
        "last_sent_to": 1595186843.2193904,
        "last_recv_from": 1595186841.2118964,
        "type": "temp",
        "neighbors_list": []
      }
    ]
  },
  {
    "time": 1595186843.2412858,
    "procedure": "RCV",
    "address": [
      "",
      8004
    ],
    "neighbors": [
      {
        "address": [
          "",
          8000
        ],
        "last_sent_to": 1595186841.2118804,
        "last_recv_from": 1595186843.2321486,
        "type": "uni",
        "neighbors_list": []
      },
      {
        "address": [
          "",
          8002
        ],
        "last_sent_to": 1595186841.2118893,
        "last_recv_from": 1595186841.2118895,
        "type": null,
        "neighbors_list": []
      },
      {
        "address": [
          "",
          8003
        ],
        "last_sent_to": 1595186843.2191582,
        "last_recv_from": 1595186841.2118924,
        "type": "temp",
        "neighbors_list": []
      },
      {
        "address": [
          "",
          8004
        ],
        "last_sent_to": 1595186841.2118945,
        "last_recv_from": 1595186841.2118945,
        "type": null,
        "neighbors_list": []
      },
      {
        "address": [
          "",
          8005
        ],
        "last_sent_to": 1595186843.2193904,
        "last_recv_from": 1595186841.2118964,
        "type": "temp",
        "neighbors_list": []
      }
    ]
  },
  {
    "time": 1595186843.2415242,
    "procedure": "UPDATE",
    "address": [
      "",
      8004
    ],
    "neighbors": [
      {
        "address": [
          "",
          8000
        ],
        "last_sent_to": 1595186841.2118804,
        "last_recv_from": 1595186843.2321486,
        "type": "uni",
        "neighbors_list": []
      },
      {
        "address": [
          "",
          8002
        ],
        "last_sent_to": 1595186841.2118893,
        "last_recv_from": 1595186841.2118895,
        "type": null,
        "neighbors_list": []
      },
      {
        "address": [
          "",
          8003
        ],
        "last_sent_to": 1595186843.2191582,
        "last_recv_from": 1595186841.2118924,
        "type": "temp",
        "neighbors_list": []
      },
      {
        "address": [
          "",
          8004
        ],
        "last_sent_to": 1595186841.2118945,
        "last_recv_from": 1595186843.2415202,
        "type": "uni",
        "neighbors_list": []
      },
      {
        "address": [
          "",
          8005
        ],
        "last_sent_to": 1595186843.2193904,
        "last_recv_from": 1595186841.2118964,
        "type": "temp",
        "neighbors_list": []
      }
    ]
  },
  {
    "time": 1595186844.2253213,
    "procedure": "SEARCH",
    "address": [
      "",
      8000
    ],
    "neighbors": [
      {
        "address": [
          "",
          8000
        ],
        "last_sent_to": 1595186841.2118804,
        "last_recv_from": 1595186843.2321486,
        "type": "temp",
        "neighbors_list": []
      },
      {
        "address": [
          "",
          8002
        ],
        "last_sent_to": 1595186841.2118893,
        "last_recv_from": 1595186841.2118895,
        "type": null,
        "neighbors_list": []
      },
      {
        "address": [
          "",
          8003
        ],
        "last_sent_to": 1595186843.2191582,
        "last_recv_from": 1595186841.2118924,
        "type": "temp",
        "neighbors_list": []
      },
      {
        "address": [
          "",
          8004
        ],
        "last_sent_to": 1595186841.2118945,
        "last_recv_from": 1595186843.2415202,
        "type": "uni",
        "neighbors_list": []
      },
      {
        "address": [
          "",
          8005
        ],
        "last_sent_to": 1595186843.2193904,
        "last_recv_from": 1595186841.2118964,
        "type": "temp",
        "neighbors_list": []
      }
    ]
  },
  {
    "time": 1595186845.2323055,
    "procedure": "SEARCH",
    "address": [
      "",
      8002
    ],
    "neighbors": [
      {
        "address": [
          "",
          8000
        ],
        "last_sent_to": 1595186841.2118804,
        "last_recv_from": 1595186843.2321486,
        "type": "temp",
        "neighbors_list": []
      },
      {
        "address": [
          "",
          8002
        ],
        "last_sent_to": 1595186841.2118893,
        "last_recv_from": 1595186841.2118895,
        "type": "temp",
        "neighbors_list": []
      },
      {
        "address": [
          "",
          8003
        ],
        "last_sent_to": 1595186843.2191582,
        "last_recv_from": 1595186841.2118924,
        "type": "temp",
        "neighbors_list": []
      },
      {
        "address": [
          "",
          8004
        ],
        "last_sent_to": 1595186841.2118945,
        "last_recv_from": 1595186843.2415202,
        "type": "uni",
        "neighbors_list": []
      },
      {
        "address": [
          "",
          8005
        ],
        "last_sent_to": 1595186843.2193904,
        "last_recv_from": 1595186841.2118964,
        "type": "temp",
        "neighbors_list": []
      }
    ]
  },
  {
    "time": 1595186845.2326,
    "procedure": "SEND",
    "address": [
      "",
      8000
    ],
    "neighbors": [
      {
        "address": [
          "",
          8000
        ],
        "last_sent_to": 1595186845.2325964,
        "last_recv_from": 1595186843.2321486,
        "type": "temp",
        "neighbors_list": []
      },
      {
        "address": [
          "",
          8002
        ],
        "last_sent_to": 1595186841.2118893,
        "last_recv_from": 1595186841.2118895,
        "type": "temp",
        "neighbors_list": []
      },
      {
        "address": [
          "",
          8003
        ],
        "last_sent_to": 1595186843.2191582,
        "last_recv_from": 1595186841.2118924,
        "type": "temp",
        "neighbors_list": []
      },
      {
        "address": [
          "",
          8004
        ],
        "last_sent_to": 1595186841.2118945,
        "last_recv_from": 1595186843.2415202,
        "type": "uni",
        "neighbors_list": []
      },
      {
        "address": [
          "",
          8005
        ],
        "last_sent_to": 1595186843.2193904,
        "last_recv_from": 1595186841.2118964,
        "type": "temp",
        "neighbors_list": []
      }
    ]
  },
  {
    "time": 1595186845.2329478,
    "procedure": "SEND",
    "address": [
      "",
      8002
    ],
    "neighbors": [
      {
        "address": [
          "",
          8000
        ],
        "last_sent_to": 1595186845.2325964,
        "last_recv_from": 1595186843.2321486,
        "type": "temp",
        "neighbors_list": []
      },
      {
        "address": [
          "",
          8002
        ],
        "last_sent_to": 1595186845.2329433,
        "last_recv_from": 1595186841.2118895,
        "type": "temp",
        "neighbors_list": []
      },
      {
        "address": [
          "",
          8003
        ],
        "last_sent_to": 1595186843.2191582,
        "last_recv_from": 1595186841.2118924,
        "type": "temp",
        "neighbors_list": []
      },
      {
        "address": [
          "",
          8004
        ],
        "last_sent_to": 1595186841.2118945,
        "last_recv_from": 1595186843.2415202,
        "type": "uni",
        "neighbors_list": []
      },
      {
        "address": [
          "",
          8005
        ],
        "last_sent_to": 1595186843.2193904,
        "last_recv_from": 1595186841.2118964,
        "type": "temp",
        "neighbors_list": []
      }
    ]
  },
  {
    "time": 1595186845.233851,
    "procedure": "SEND",
    "address": [
      "",
      8003
    ],
    "neighbors": [
      {
        "address": [
          "",
          8000
        ],
        "last_sent_to": 1595186845.2325964,
        "last_recv_from": 1595186843.2321486,
        "type": "temp",
        "neighbors_list": []
      },
      {
        "address": [
          "",
          8002
        ],
        "last_sent_to": 1595186845.2329433,
        "last_recv_from": 1595186841.2118895,
        "type": "temp",
        "neighbors_list": []
      },
      {
        "address": [
          "",
          8003
        ],
        "last_sent_to": 1595186845.2338455,
        "last_recv_from": 1595186841.2118924,
        "type": "temp",
        "neighbors_list": []
      },
      {
        "address": [
          "",
          8004
        ],
        "last_sent_to": 1595186841.2118945,
        "last_recv_from": 1595186843.2415202,
        "type": "uni",
        "neighbors_list": []
      },
      {
        "address": [
          "",
          8005
        ],
        "last_sent_to": 1595186843.2193904,
        "last_recv_from": 1595186841.2118964,
        "type": "temp",
        "neighbors_list": []
      }
    ]
  },
  {
    "time": 1595186845.2681553,
    "procedure": "SEND",
    "address": [
      "",
      8005
    ],
    "neighbors": [
      {
        "address": [
          "",
          8000
        ],
        "last_sent_to": 1595186845.2325964,
        "last_recv_from": 1595186843.2321486,
        "type": "temp",
        "neighbors_list": []
      },
      {
        "address": [
          "",
          8002
        ],
        "last_sent_to": 1595186845.2329433,
        "last_recv_from": 1595186841.2118895,
        "type": "temp",
        "neighbors_list": []
      },
      {
        "address": [
          "",
          8003
        ],
        "last_sent_to": 1595186845.2338455,
        "last_recv_from": 1595186841.2118924,
        "type": "temp",
        "neighbors_list": []
      },
      {
        "address": [
          "",
          8004
        ],
        "last_sent_to": 1595186841.2118945,
        "last_recv_from": 1595186843.2415202,
        "type": "uni",
        "neighbors_list": []
      },
      {
        "address": [
          "",
          8005
        ],
        "last_sent_to": 1595186845.26815,
        "last_recv_from": 1595186841.2118964,
        "type": "temp",
        "neighbors_list": []
      }
    ]
  },
  {
    "time": 1595186845.2776022,
    "procedure": "RCV",
    "address": [
      "",
      8000
    ],
    "neighbors": [
      {
        "address": [
          "",
          8000
        ],
        "last_sent_to": 1595186845.2325964,
        "last_recv_from": 1595186843.2321486,
        "type": "temp",
        "neighbors_list": []
      },
      {
        "address": [
          "",
          8002
        ],
        "last_sent_to": 1595186845.2329433,
        "last_recv_from": 1595186841.2118895,
        "type": "temp",
        "neighbors_list": []
      },
      {
        "address": [
          "",
          8003
        ],
        "last_sent_to": 1595186845.2338455,
        "last_recv_from": 1595186841.2118924,
        "type": "temp",
        "neighbors_list": []
      },
      {
        "address": [
          "",
          8004
        ],
        "last_sent_to": 1595186841.2118945,
        "last_recv_from": 1595186843.2415202,
        "type": "uni",
        "neighbors_list": []
      },
      {
        "address": [
          "",
          8005
        ],
        "last_sent_to": 1595186845.26815,
        "last_recv_from": 1595186841.2118964,
        "type": "temp",
        "neighbors_list": []
      }
    ]
  },
  {
    "time": 1595186845.277886,
    "procedure": "UPDATE",
    "address": [
      "",
      8000
    ],
    "neighbors": [
      {
        "address": [
          "",
          8000
        ],
        "last_sent_to": 1595186845.2325964,
        "last_recv_from": 1595186845.2778785,
        "type": "tempuni",
        "neighbors_list": [
          [
            [
              "",
              8002
            ],
            "uni"
          ]
        ]
      },
      {
        "address": [
          "",
          8002
        ],
        "last_sent_to": 1595186845.2329433,
        "last_recv_from": 1595186841.2118895,
        "type": "temp",
        "neighbors_list": []
      },
      {
        "address": [
          "",
          8003
        ],
        "last_sent_to": 1595186845.2338455,
        "last_recv_from": 1595186841.2118924,
        "type": "temp",
        "neighbors_list": []
      },
      {
        "address": [
          "",
          8004
        ],
        "last_sent_to": 1595186841.2118945,
        "last_recv_from": 1595186843.2415202,
        "type": "uni",
        "neighbors_list": []
      },
      {
        "address": [
          "",
          8005
        ],
        "last_sent_to": 1595186845.26815,
        "last_recv_from": 1595186841.2118964,
        "type": "temp",
        "neighbors_list": []
      }
    ]
  },
  {
    "time": 1595186845.2803822,
    "procedure": "RCV",
    "address": [
      "",
      8003
    ],
    "neighbors": [
      {
        "address": [
          "",
          8000
        ],
        "last_sent_to": 1595186845.2325964,
        "last_recv_from": 1595186845.2778785,
        "type": "uni",
        "neighbors_list": [
          [
            [
              "",
              8002
            ],
            "uni"
          ]
        ]
      },
      {
        "address": [
          "",
          8002
        ],
        "last_sent_to": 1595186845.2329433,
        "last_recv_from": 1595186841.2118895,
        "type": "temp",
        "neighbors_list": []
      },
      {
        "address": [
          "",
          8003
        ],
        "last_sent_to": 1595186845.2338455,
        "last_recv_from": 1595186841.2118924,
        "type": "temp",
        "neighbors_list": []
      },
      {
        "address": [
          "",
          8004
        ],
        "last_sent_to": 1595186841.2118945,
        "last_recv_from": 1595186843.2415202,
        "type": "uni",
        "neighbors_list": []
      },
      {
        "address": [
          "",
          8005
        ],
        "last_sent_to": 1595186845.26815,
        "last_recv_from": 1595186841.2118964,
        "type": "temp",
        "neighbors_list": []
      }
    ]
  },
  {
    "time": 1595186845.2807403,
    "procedure": "UPDATE",
    "address": [
      "",
      8003
    ],
    "neighbors": [
      {
        "address": [
          "",
          8000
        ],
        "last_sent_to": 1595186845.2325964,
        "last_recv_from": 1595186845.2778785,
        "type": "uni",
        "neighbors_list": [
          [
            [
              "",
              8002
            ],
            "uni"
          ]
        ]
      },
      {
        "address": [
          "",
          8002
        ],
        "last_sent_to": 1595186845.2329433,
        "last_recv_from": 1595186841.2118895,
        "type": "temp",
        "neighbors_list": []
      },
      {
        "address": [
          "",
          8003
        ],
        "last_sent_to": 1595186845.2338455,
        "last_recv_from": 1595186845.2807312,
        "type": "tempuni",
        "neighbors_list": [
          [
            [
              "",
              8004
            ],
            "uni"
          ],
          [
            [
              "",
              8005
            ],
            "bi"
          ]
        ]
      },
      {
        "address": [
          "",
          8004
        ],
        "last_sent_to": 1595186841.2118945,
        "last_recv_from": 1595186843.2415202,
        "type": "uni",
        "neighbors_list": []
      },
      {
        "address": [
          "",
          8005
        ],
        "last_sent_to": 1595186845.26815,
        "last_recv_from": 1595186841.2118964,
        "type": "temp",
        "neighbors_list": []
      }
    ]
  },
  {
    "time": 1595186845.2813122,
    "procedure": "RCV",
    "address": [
      "",
      8004
    ],
    "neighbors": [
      {
        "address": [
          "",
          8000
        ],
        "last_sent_to": 1595186845.2325964,
        "last_recv_from": 1595186845.2778785,
        "type": "uni",
        "neighbors_list": [
          [
            [
              "",
              8002
            ],
            "uni"
          ]
        ]
      },
      {
        "address": [
          "",
          8002
        ],
        "last_sent_to": 1595186845.2329433,
        "last_recv_from": 1595186841.2118895,
        "type": "temp",
        "neighbors_list": []
      },
      {
        "address": [
          "",
          8003
        ],
        "last_sent_to": 1595186845.2338455,
        "last_recv_from": 1595186845.2807312,
        "type": "tempuni",
        "neighbors_list": [
          [
            [
              "",
              8004
            ],
            "uni"
          ],
          [
            [
              "",
              8005
            ],
            "bi"
          ]
        ]
      },
      {
        "address": [
          "",
          8004
        ],
        "last_sent_to": 1595186841.2118945,
        "last_recv_from": 1595186843.2415202,
        "type": "uni",
        "neighbors_list": []
      },
      {
        "address": [
          "",
          8005
        ],
        "last_sent_to": 1595186845.26815,
        "last_recv_from": 1595186841.2118964,
        "type": "temp",
        "neighbors_list": []
      }
    ]
  },
  {
    "time": 1595186845.2816901,
    "procedure": "UPDATE",
    "address": [
      "",
      8004
    ],
    "neighbors": [
      {
        "address": [
          "",
          8000
        ],
        "last_sent_to": 1595186845.2325964,
        "last_recv_from": 1595186845.2778785,
        "type": "uni",
        "neighbors_list": [
          [
            [
              "",
              8002
            ],
            "uni"
          ]
        ]
      },
      {
        "address": [
          "",
          8002
        ],
        "last_sent_to": 1595186845.2329433,
        "last_recv_from": 1595186841.2118895,
        "type": "temp",
        "neighbors_list": []
      },
      {
        "address": [
          "",
          8003
        ],
        "last_sent_to": 1595186845.2338455,
        "last_recv_from": 1595186845.2807312,
        "type": "tempuni",
        "neighbors_list": [
          [
            [
              "",
              8004
            ],
            "uni"
          ],
          [
            [
              "",
              8005
            ],
            "bi"
          ]
        ]
      },
      {
        "address": [
          "",
          8004
        ],
        "last_sent_to": 1595186841.2118945,
        "last_recv_from": 1595186845.2816827,
        "type": "uni",
        "neighbors_list": [
          [
            [
              "",
              8005
            ],
            "uni"
          ]
        ]
      },
      {
        "address": [
          "",
          8005
        ],
        "last_sent_to": 1595186845.26815,
        "last_recv_from": 1595186841.2118964,
        "type": "temp",
        "neighbors_list": []
      }
    ]
  },
  {
    "time": 1595186845.2820914,
    "procedure": "RCV",
    "address": [
      "",
      8002
    ],
    "neighbors": [
      {
        "address": [
          "",
          8000
        ],
        "last_sent_to": 1595186845.2325964,
        "last_recv_from": 1595186845.2778785,
        "type": "uni",
        "neighbors_list": [
          [
            [
              "",
              8002
            ],
            "uni"
          ]
        ]
      },
      {
        "address": [
          "",
          8002
        ],
        "last_sent_to": 1595186845.2329433,
        "last_recv_from": 1595186841.2118895,
        "type": "temp",
        "neighbors_list": []
      },
      {
        "address": [
          "",
          8003
        ],
        "last_sent_to": 1595186845.2338455,
        "last_recv_from": 1595186845.2807312,
        "type": "tempuni",
        "neighbors_list": [
          [
            [
              "",
              8004
            ],
            "uni"
          ],
          [
            [
              "",
              8005
            ],
            "bi"
          ]
        ]
      },
      {
        "address": [
          "",
          8004
        ],
        "last_sent_to": 1595186841.2118945,
        "last_recv_from": 1595186845.2816827,
        "type": "uni",
        "neighbors_list": [
          [
            [
              "",
              8005
            ],
            "uni"
          ]
        ]
      },
      {
        "address": [
          "",
          8005
        ],
        "last_sent_to": 1595186845.26815,
        "last_recv_from": 1595186841.2118964,
        "type": "temp",
        "neighbors_list": []
      }
    ]
  },
  {
    "time": 1595186845.2824357,
    "procedure": "UPDATE",
    "address": [
      "",
      8002
    ],
    "neighbors": [
      {
        "address": [
          "",
          8000
        ],
        "last_sent_to": 1595186845.2325964,
        "last_recv_from": 1595186845.2778785,
        "type": "uni",
        "neighbors_list": [
          [
            [
              "",
              8002
            ],
            "uni"
          ]
        ]
      },
      {
        "address": [
          "",
          8002
        ],
        "last_sent_to": 1595186845.2329433,
        "last_recv_from": 1595186845.2824252,
        "type": "bi",
        "neighbors_list": [
          [
            [
              "",
              8001
            ],
            "tempuni"
          ]
        ]
      },
      {
        "address": [
          "",
          8003
        ],
        "last_sent_to": 1595186845.2338455,
        "last_recv_from": 1595186845.2807312,
        "type": "tempuni",
        "neighbors_list": [
          [
            [
              "",
              8004
            ],
            "uni"
          ],
          [
            [
              "",
              8005
            ],
            "bi"
          ]
        ]
      },
      {
        "address": [
          "",
          8004
        ],
        "last_sent_to": 1595186841.2118945,
        "last_recv_from": 1595186845.2816827,
        "type": "uni",
        "neighbors_list": [
          [
            [
              "",
              8005
            ],
            "uni"
          ]
        ]
      },
      {
        "address": [
          "",
          8005
        ],
        "last_sent_to": 1595186845.26815,
        "last_recv_from": 1595186841.2118964,
        "type": "temp",
        "neighbors_list": []
      }
    ]
  },
  {
    "time": 1595186846.2388089,
    "procedure": "SEARCH",
    "address": [
      "",
      8000
    ],
    "neighbors": [
      {
        "address": [
          "",
          8000
        ],
        "last_sent_to": 1595186845.2325964,
        "last_recv_from": 1595186845.2778785,
        "type": "temp",
        "neighbors_list": [
          [
            [
              "",
              8002
            ],
            "uni"
          ]
        ]
      },
      {
        "address": [
          "",
          8002
        ],
        "last_sent_to": 1595186845.2329433,
        "last_recv_from": 1595186845.2824252,
        "type": "bi",
        "neighbors_list": [
          [
            [
              "",
              8001
            ],
            "tempuni"
          ]
        ]
      },
      {
        "address": [
          "",
          8003
        ],
        "last_sent_to": 1595186845.2338455,
        "last_recv_from": 1595186845.2807312,
        "type": "tempuni",
        "neighbors_list": [
          [
            [
              "",
              8004
            ],
            "uni"
          ],
          [
            [
              "",
              8005
            ],
            "bi"
          ]
        ]
      },
      {
        "address": [
          "",
          8004
        ],
        "last_sent_to": 1595186841.2118945,
        "last_recv_from": 1595186845.2816827,
        "type": "uni",
        "neighbors_list": [
          [
            [
              "",
              8005
            ],
            "uni"
          ]
        ]
      },
      {
        "address": [
          "",
          8005
        ],
        "last_sent_to": 1595186845.26815,
        "last_recv_from": 1595186841.2118964,
        "type": "temp",
        "neighbors_list": []
      }
    ]
  },
  {
    "time": 1595186847.2357638,
    "procedure": "RCV",
    "address": [
      "",
      8000
    ],
    "neighbors": [
      {
        "address": [
          "",
          8000
        ],
        "last_sent_to": 1595186845.2325964,
        "last_recv_from": 1595186845.2778785,
        "type": "temp",
        "neighbors_list": [
          [
            [
              "",
              8002
            ],
            "uni"
          ]
        ]
      },
      {
        "address": [
          "",
          8002
        ],
        "last_sent_to": 1595186845.2329433,
        "last_recv_from": 1595186845.2824252,
        "type": "bi",
        "neighbors_list": [
          [
            [
              "",
              8001
            ],
            "tempuni"
          ]
        ]
      },
      {
        "address": [
          "",
          8003
        ],
        "last_sent_to": 1595186845.2338455,
        "last_recv_from": 1595186845.2807312,
        "type": "uni",
        "neighbors_list": [
          [
            [
              "",
              8004
            ],
            "uni"
          ],
          [
            [
              "",
              8005
            ],
            "bi"
          ]
        ]
      },
      {
        "address": [
          "",
          8004
        ],
        "last_sent_to": 1595186841.2118945,
        "last_recv_from": 1595186845.2816827,
        "type": "uni",
        "neighbors_list": [
          [
            [
              "",
              8005
            ],
            "uni"
          ]
        ]
      },
      {
        "address": [
          "",
          8005
        ],
        "last_sent_to": 1595186845.26815,
        "last_recv_from": 1595186841.2118964,
        "type": "temp",
        "neighbors_list": []
      }
    ]
  },
  {
    "time": 1595186847.2360852,
    "procedure": "UPDATE",
    "address": [
      "",
      8000
    ],
    "neighbors": [
      {
        "address": [
          "",
          8000
        ],
        "last_sent_to": 1595186845.2325964,
        "last_recv_from": 1595186847.2360754,
        "type": "tempuni",
        "neighbors_list": [
          [
            [
              "",
              8002
            ],
            "uni"
          ],
          [
            [
              "",
              8004
            ],
            "uni"
          ]
        ]
      },
      {
        "address": [
          "",
          8002
        ],
        "last_sent_to": 1595186845.2329433,
        "last_recv_from": 1595186845.2824252,
        "type": "bi",
        "neighbors_list": [
          [
            [
              "",
              8001
            ],
            "tempuni"
          ]
        ]
      },
      {
        "address": [
          "",
          8003
        ],
        "last_sent_to": 1595186845.2338455,
        "last_recv_from": 1595186845.2807312,
        "type": "uni",
        "neighbors_list": [
          [
            [
              "",
              8004
            ],
            "uni"
          ],
          [
            [
              "",
              8005
            ],
            "bi"
          ]
        ]
      },
      {
        "address": [
          "",
          8004
        ],
        "last_sent_to": 1595186841.2118945,
        "last_recv_from": 1595186845.2816827,
        "type": "uni",
        "neighbors_list": [
          [
            [
              "",
              8005
            ],
            "uni"
          ]
        ]
      },
      {
        "address": [
          "",
          8005
        ],
        "last_sent_to": 1595186845.26815,
        "last_recv_from": 1595186841.2118964,
        "type": "temp",
        "neighbors_list": []
      }
    ]
  },
  {
    "time": 1595186847.2782974,
    "procedure": "SEND",
    "address": [
      "",
      8000
    ],
    "neighbors": [
      {
        "address": [
          "",
          8000
        ],
        "last_sent_to": 1595186847.2782903,
        "last_recv_from": 1595186847.2360754,
        "type": "tempuni",
        "neighbors_list": [
          [
            [
              "",
              8002
            ],
            "uni"
          ],
          [
            [
              "",
              8004
            ],
            "uni"
          ]
        ]
      },
      {
        "address": [
          "",
          8002
        ],
        "last_sent_to": 1595186845.2329433,
        "last_recv_from": 1595186845.2824252,
        "type": "bi",
        "neighbors_list": [
          [
            [
              "",
              8001
            ],
            "tempuni"
          ]
        ]
      },
      {
        "address": [
          "",
          8003
        ],
        "last_sent_to": 1595186845.2338455,
        "last_recv_from": 1595186845.2807312,
        "type": "uni",
        "neighbors_list": [
          [
            [
              "",
              8004
            ],
            "uni"
          ],
          [
            [
              "",
              8005
            ],
            "bi"
          ]
        ]
      },
      {
        "address": [
          "",
          8004
        ],
        "last_sent_to": 1595186841.2118945,
        "last_recv_from": 1595186845.2816827,
        "type": "uni",
        "neighbors_list": [
          [
            [
              "",
              8005
            ],
            "uni"
          ]
        ]
      },
      {
        "address": [
          "",
          8005
        ],
        "last_sent_to": 1595186845.26815,
        "last_recv_from": 1595186841.2118964,
        "type": "temp",
        "neighbors_list": []
      }
    ]
  },
  {
    "time": 1595186847.2793367,
    "procedure": "SEND",
    "address": [
      "",
      8002
    ],
    "neighbors": [
      {
        "address": [
          "",
          8000
        ],
        "last_sent_to": 1595186847.2782903,
        "last_recv_from": 1595186847.2360754,
        "type": "tempuni",
        "neighbors_list": [
          [
            [
              "",
              8002
            ],
            "uni"
          ],
          [
            [
              "",
              8004
            ],
            "uni"
          ]
        ]
      },
      {
        "address": [
          "",
          8002
        ],
        "last_sent_to": 1595186847.2793138,
        "last_recv_from": 1595186845.2824252,
        "type": "bi",
        "neighbors_list": [
          [
            [
              "",
              8001
            ],
            "tempuni"
          ]
        ]
      },
      {
        "address": [
          "",
          8003
        ],
        "last_sent_to": 1595186845.2338455,
        "last_recv_from": 1595186845.2807312,
        "type": "uni",
        "neighbors_list": [
          [
            [
              "",
              8004
            ],
            "uni"
          ],
          [
            [
              "",
              8005
            ],
            "bi"
          ]
        ]
      },
      {
        "address": [
          "",
          8004
        ],
        "last_sent_to": 1595186841.2118945,
        "last_recv_from": 1595186845.2816827,
        "type": "uni",
        "neighbors_list": [
          [
            [
              "",
              8005
            ],
            "uni"
          ]
        ]
      },
      {
        "address": [
          "",
          8005
        ],
        "last_sent_to": 1595186845.26815,
        "last_recv_from": 1595186841.2118964,
        "type": "temp",
        "neighbors_list": []
      }
    ]
  },
  {
    "time": 1595186847.2821693,
    "procedure": "SEND",
    "address": [
      "",
      8005
    ],
    "neighbors": [
      {
        "address": [
          "",
          8000
        ],
        "last_sent_to": 1595186847.2782903,
        "last_recv_from": 1595186847.2360754,
        "type": "tempuni",
        "neighbors_list": [
          [
            [
              "",
              8002
            ],
            "uni"
          ],
          [
            [
              "",
              8004
            ],
            "uni"
          ]
        ]
      },
      {
        "address": [
          "",
          8002
        ],
        "last_sent_to": 1595186847.2793138,
        "last_recv_from": 1595186845.2824252,
        "type": "bi",
        "neighbors_list": [
          [
            [
              "",
              8001
            ],
            "tempuni"
          ]
        ]
      },
      {
        "address": [
          "",
          8003
        ],
        "last_sent_to": 1595186845.2338455,
        "last_recv_from": 1595186845.2807312,
        "type": "uni",
        "neighbors_list": [
          [
            [
              "",
              8004
            ],
            "uni"
          ],
          [
            [
              "",
              8005
            ],
            "bi"
          ]
        ]
      },
      {
        "address": [
          "",
          8004
        ],
        "last_sent_to": 1595186841.2118945,
        "last_recv_from": 1595186845.2816827,
        "type": "uni",
        "neighbors_list": [
          [
            [
              "",
              8005
            ],
            "uni"
          ]
        ]
      },
      {
        "address": [
          "",
          8005
        ],
        "last_sent_to": 1595186847.2821558,
        "last_recv_from": 1595186841.2118964,
        "type": "temp",
        "neighbors_list": []
      }
    ]
  }
]