{
  "time": 1594993722.2037117,
  "procedure": "SEARCH",
  "address": [
    "",
    8001
  ],
  "neighbors": [
    {
      "address": [
        "",
        8000
      ],
      "last_sent_to": 1594993722.204943,
      "last_recv_from": 1594993722.2049432,
      "type": null,
      "neighbors_list": []
    },
    {
      "address": [
        "",
        8001
      ],
      "last_sent_to": 1594993722.2049496,
      "last_recv_from": 1594993722.2049499,
      "type": "temp",
      "neighbors_list": []
    }
  ]
}