[
  [
    "",
    8003
  ],
  {
    "time": 1595186841.2195623,
    "procedure": "SEARCH",
    "address": [
      "",
      8005
    ],
    "neighbors": [
      {
        "address": [
          "",
          8000
        ],
        "last_sent_to": 1595186841.2159142,
        "last_recv_from": 1595186841.2159147,
        "type": null,
        "neighbors_list": []
      },
      {
        "address": [
          "",
          8001
        ],
        "last_sent_to": 1595186841.215926,
        "last_recv_from": 1595186841.2159262,
        "type": null,
        "neighbors_list": []
      },
      {
        "address": [
          "",
          8002
        ],
        "last_sent_to": 1595186841.2159295,
        "last_recv_from": 1595186841.2159297,
        "type": null,
        "neighbors_list": []
      },
      {
        "address": [
          "",
          8004
        ],
        "last_sent_to": 1595186841.2159324,
        "last_recv_from": 1595186841.2159324,
        "type": null,
        "neighbors_list": []
      },
      {
        "address": [
          "",
          8005
        ],
        "last_sent_to": 1595186841.2159343,
        "last_recv_from": 1595186841.2159345,
        "type": "temp",
        "neighbors_list": []
      }
    ]
  },
  {
    "time": 1595186843.2257185,
    "procedure": "RCV",
    "address": [
      "",
      8001
    ],
    "neighbors": [
      {
        "address": [
          "",
          8000
        ],
        "last_sent_to": 1595186841.2159142,
        "last_recv_from": 1595186841.2159147,
        "type": null,
        "neighbors_list": []
      },
      {
        "address": [
          "",
          8001
        ],
        "last_sent_to": 1595186841.215926,
        "last_recv_from": 1595186841.2159262,
        "type": null,
        "neighbors_list": []
      },
      {
        "address": [
          "",
          8002
        ],
        "last_sent_to": 1595186841.2159295,
        "last_recv_from": 1595186841.2159297,
        "type": null,
        "neighbors_list": []
      },
      {
        "address": [
          "",
          8004
        ],
        "last_sent_to": 1595186841.2159324,
        "last_recv_from": 1595186841.2159324,
        "type": null,
        "neighbors_list": []
      },
      {
        "address": [
          "",
          8005
        ],
        "last_sent_to": 1595186841.2159343,
        "last_recv_from": 1595186841.2159345,
        "type": "temp",
        "neighbors_list": []
      }
    ]
  },
  {
    "time": 1595186843.2259555,
    "procedure": "UPDATE",
    "address": [
      "",
      8001
    ],
    "neighbors": [
      {
        "address": [
          "",
          8000
        ],
        "last_sent_to": 1595186841.2159142,
        "last_recv_from": 1595186841.2159147,
        "type": null,
        "neighbors_list": []
      },
      {
        "address": [
          "",
          8001
        ],
        "last_sent_to": 1595186841.215926,
        "last_recv_from": 1595186843.2259505,
        "type": "uni",
        "neighbors_list": []
      },
      {
        "address": [
          "",
          8002
        ],
        "last_sent_to": 1595186841.2159295,
        "last_recv_from": 1595186841.2159297,
        "type": null,
        "neighbors_list": []
      },
      {
        "address": [
          "",
          8004
        ],
        "last_sent_to": 1595186841.2159324,
        "last_recv_from": 1595186841.2159324,
        "type": null,
        "neighbors_list": []
      },
      {
        "address": [
          "",
          8005
        ],
        "last_sent_to": 1595186841.2159343,
        "last_recv_from": 1595186841.2159345,
        "type": "temp",
        "neighbors_list": []
      }
    ]
  },
  {
    "time": 1595186843.2262607,
    "procedure": "SEND",
    "address": [
      "",
      8005
    ],
    "neighbors": [
      {
        "address": [
          "",
          8000
        ],
        "last_sent_to": 1595186841.2159142,
        "last_recv_from": 1595186841.2159147,
        "type": null,
        "neighbors_list": []
      },
      {
        "address": [
          "",
          8001
        ],
        "last_sent_to": 1595186841.215926,
        "last_recv_from": 1595186843.2259505,
        "type": "uni",
        "neighbors_list": []
      },
      {
        "address": [
          "",
          8002
        ],
        "last_sent_to": 1595186841.2159295,
        "last_recv_from": 1595186841.2159297,
        "type": null,
        "neighbors_list": []
      },
      {
        "address": [
          "",
          8004
        ],
        "last_sent_to": 1595186841.2159324,
        "last_recv_from": 1595186841.2159324,
        "type": null,
        "neighbors_list": []
      },
      {
        "address": [
          "",
          8005
        ],
        "last_sent_to": 1595186843.2262433,
        "last_recv_from": 1595186841.2159345,
        "type": "temp",
        "neighbors_list": []
      }
    ]
  },
  {
    "time": 1595186843.2552924,
    "procedure": "SEARCH",
    "address": [
      "",
      8002
    ],
    "neighbors": [
      {
        "address": [
          "",
          8000
        ],
        "last_sent_to": 1595186841.2159142,
        "last_recv_from": 1595186841.2159147,
        "type": null,
        "neighbors_list": []
      },
      {
        "address": [
          "",
          8001
        ],
        "last_sent_to": 1595186841.215926,
        "last_recv_from": 1595186843.2259505,
        "type": "uni",
        "neighbors_list": []
      },
      {
        "address": [
          "",
          8002
        ],
        "last_sent_to": 1595186841.2159295,
        "last_recv_from": 1595186841.2159297,
        "type": "temp",
        "neighbors_list": []
      },
      {
        "address": [
          "",
          8004
        ],
        "last_sent_to": 1595186841.2159324,
        "last_recv_from": 1595186841.2159324,
        "type": null,
        "neighbors_list": []
      },
      {
        "address": [
          "",
          8005
        ],
        "last_sent_to": 1595186843.2262433,
        "last_recv_from": 1595186841.2159345,
        "type": "temp",
        "neighbors_list": []
      }
    ]
  },
  {
    "time": 1595186843.2556572,
    "procedure": "RCV",
    "address": [
      "",
      8004
    ],
    "neighbors": [
      {
        "address": [
          "",
          8000
        ],
        "last_sent_to": 1595186841.2159142,
        "last_recv_from": 1595186841.2159147,
        "type": null,
        "neighbors_list": []
      },
      {
        "address": [
          "",
          8001
        ],
        "last_sent_to": 1595186841.215926,
        "last_recv_from": 1595186843.2259505,
        "type": "uni",
        "neighbors_list": []
      },
      {
        "address": [
          "",
          8002
        ],
        "last_sent_to": 1595186841.2159295,
        "last_recv_from": 1595186841.2159297,
        "type": "temp",
        "neighbors_list": []
      },
      {
        "address": [
          "",
          8004
        ],
        "last_sent_to": 1595186841.2159324,
        "last_recv_from": 1595186841.2159324,
        "type": null,
        "neighbors_list": []
      },
      {
        "address": [
          "",
          8005
        ],
        "last_sent_to": 1595186843.2262433,
        "last_recv_from": 1595186841.2159345,
        "type": "temp",
        "neighbors_list": []
      }
    ]
  },
  {
    "time": 1595186843.2558198,
    "procedure": "UPDATE",
    "address": [
      "",
      8004
    ],
    "neighbors": [
      {
        "address": [
          "",
          8000
        ],
        "last_sent_to": 1595186841.2159142,
        "last_recv_from": 1595186841.2159147,
        "type": null,
        "neighbors_list": []
      },
      {
        "address": [
          "",
          8001
        ],
        "last_sent_to": 1595186841.215926,
        "last_recv_from": 1595186843.2259505,
        "type": "uni",
        "neighbors_list": []
      },
      {
        "address": [
          "",
          8002
        ],
        "last_sent_to": 1595186841.2159295,
        "last_recv_from": 1595186841.2159297,
        "type": "temp",
        "neighbors_list": []
      },
      {
        "address": [
          "",
          8004
        ],
        "last_sent_to": 1595186841.2159324,
        "last_recv_from": 1595186843.2558174,
        "type": "uni",
        "neighbors_list": []
      },
      {
        "address": [
          "",
          8005
        ],
        "last_sent_to": 1595186843.2262433,
        "last_recv_from": 1595186841.2159345,
        "type": "temp",
        "neighbors_list": []
      }
    ]
  },
  {
    "time": 1595186843.3152256,
    "procedure": "RCV",
    "address": [
      "",
      8005
    ],
    "neighbors": [
      {
        "address": [
          "",
          8000
        ],
        "last_sent_to": 1595186841.2159142,
        "last_recv_from": 1595186841.2159147,
        "type": null,
        "neighbors_list": []
      },
      {
        "address": [
          "",
          8001
        ],
        "last_sent_to": 1595186841.215926,
        "last_recv_from": 1595186843.2259505,
        "type": "uni",
        "neighbors_list": []
      },
      {
        "address": [
          "",
          8002
        ],
        "last_sent_to": 1595186841.2159295,
        "last_recv_from": 1595186841.2159297,
        "type": "temp",
        "neighbors_list": []
      },
      {
        "address": [
          "",
          8004
        ],
        "last_sent_to": 1595186841.2159324,
        "last_recv_from": 1595186843.2558174,
        "type": "uni",
        "neighbors_list": []
      },
      {
        "address": [
          "",
          8005
        ],
        "last_sent_to": 1595186843.2262433,
        "last_recv_from": 1595186841.2159345,
        "type": "temp",
        "neighbors_list": []
      }
    ]
  },
  {
    "time": 1595186843.315463,
    "procedure": "UPDATE",
    "address": [
      "",
      8005
    ],
    "neighbors": [
      {
        "address": [
          "",
          8000
        ],
        "last_sent_to": 1595186841.2159142,
        "last_recv_from": 1595186841.2159147,
        "type": null,
        "neighbors_list": []
      },
      {
        "address": [
          "",
          8001
        ],
        "last_sent_to": 1595186841.215926,
        "last_recv_from": 1595186843.2259505,
        "type": "uni",
        "neighbors_list": []
      },
      {
        "address": [
          "",
          8002
        ],
        "last_sent_to": 1595186841.2159295,
        "last_recv_from": 1595186841.2159297,
        "type": "temp",
        "neighbors_list": []
      },
      {
        "address": [
          "",
          8004
        ],
        "last_sent_to": 1595186841.2159324,
        "last_recv_from": 1595186843.2558174,
        "type": "uni",
        "neighbors_list": []
      },
      {
        "address": [
          "",
          8005
        ],
        "last_sent_to": 1595186843.2262433,
        "last_recv_from": 1595186843.3154528,
        "type": "bi",
        "neighbors_list": [
          [
            [
              "",
              8001
            ],
            "uni"
          ],
          [
            [
              "",
              8003
            ],
            "tempuni"
          ]
        ]
      }
    ]
  },
  {
    "time": 1595186844.2671983,
    "procedure": "SEARCH",
    "address": [
      "",
      8001
    ],
    "neighbors": [
      {
        "address": [
          "",
          8000
        ],
        "last_sent_to": 1595186841.2159142,
        "last_recv_from": 1595186841.2159147,
        "type": null,
        "neighbors_list": []
      },
      {
        "address": [
          "",
          8001
        ],
        "last_sent_to": 1595186841.215926,
        "last_recv_from": 1595186843.2259505,
        "type": "temp",
        "neighbors_list": []
      },
      {
        "address": [
          "",
          8002
        ],
        "last_sent_to": 1595186841.2159295,
        "last_recv_from": 1595186841.2159297,
        "type": "temp",
        "neighbors_list": []
      },
      {
        "address": [
          "",
          8004
        ],
        "last_sent_to": 1595186841.2159324,
        "last_recv_from": 1595186843.2558174,
        "type": "uni",
        "neighbors_list": []
      },
      {
        "address": [
          "",
          8005
        ],
        "last_sent_to": 1595186843.2262433,
        "last_recv_from": 1595186843.3154528,
        "type": "bi",
        "neighbors_list": [
          [
            [
              "",
              8001
            ],
            "uni"
          ],
          [
            [
              "",
              8003
            ],
            "tempuni"
          ]
        ]
      }
    ]
  },
  {
    "time": 1595186845.2492435,
    "procedure": "SEND",
    "address": [
      "",
      8001
    ],
    "neighbors": [
      {
        "address": [
          "",
          8000
        ],
        "last_sent_to": 1595186841.2159142,
        "last_recv_from": 1595186841.2159147,
        "type": null,
        "neighbors_list": []
      },
      {
        "address": [
          "",
          8001
        ],
        "last_sent_to": 1595186845.2492414,
        "last_recv_from": 1595186843.2259505,
        "type": "temp",
        "neighbors_list": []
      },
      {
        "address": [
          "",
          8002
        ],
        "last_sent_to": 1595186841.2159295,
        "last_recv_from": 1595186841.2159297,
        "type": "temp",
        "neighbors_list": []
      },
      {
        "address": [
          "",
          8004
        ],
        "last_sent_to": 1595186841.2159324,
        "last_recv_from": 1595186843.2558174,
        "type": "uni",
        "neighbors_list": []
      },
      {
        "address": [
          "",
          8005
        ],
        "last_sent_to": 1595186843.2262433,
        "last_recv_from": 1595186843.3154528,
        "type": "bi",
        "neighbors_list": [
          [
            [
              "",
              8001
            ],
            "uni"
          ],
          [
            [
              "",
              8003
            ],
            "tempuni"
          ]
        ]
      }
    ]
  },
  {
    "time": 1595186845.249822,
    "procedure": "SEND",
    "address": [
      "",
      8002
    ],
    "neighbors": [
      {
        "address": [
          "",
          8000
        ],
        "last_sent_to": 1595186841.2159142,
        "last_recv_from": 1595186841.2159147,
        "type": null,
        "neighbors_list": []
      },
      {
        "address": [
          "",
          8001
        ],
        "last_sent_to": 1595186845.2492414,
        "last_recv_from": 1595186843.2259505,
        "type": "temp",
        "neighbors_list": []
      },
      {
        "address": [
          "",
          8002
        ],
        "last_sent_to": 1595186845.2498164,
        "last_recv_from": 1595186841.2159297,
        "type": "temp",
        "neighbors_list": []
      },
      {
        "address": [
          "",
          8004
        ],
        "last_sent_to": 1595186841.2159324,
        "last_recv_from": 1595186843.2558174,
        "type": "uni",
        "neighbors_list": []
      },
      {
        "address": [
          "",
          8005
        ],
        "last_sent_to": 1595186843.2262433,
        "last_recv_from": 1595186843.3154528,
        "type": "bi",
        "neighbors_list": [
          [
            [
              "",
              8001
            ],
            "uni"
          ],
          [
            [
              "",
              8003
            ],
            "tempuni"
          ]
        ]
      }
    ]
  },
  {
    "time": 1595186845.262135,
    "procedure": "SEND",
    "address": [
      "",
      8005
    ],
    "neighbors": [
      {
        "address": [
          "",
          8000
        ],
        "last_sent_to": 1595186841.2159142,
        "last_recv_from": 1595186841.2159147,
        "type": null,
        "neighbors_list": []
      },
      {
        "address": [
          "",
          8001
        ],
        "last_sent_to": 1595186845.2492414,
        "last_recv_from": 1595186843.2259505,
        "type": "temp",
        "neighbors_list": []
      },
      {
        "address": [
          "",
          8002
        ],
        "last_sent_to": 1595186845.2498164,
        "last_recv_from": 1595186841.2159297,
        "type": "temp",
        "neighbors_list": []
      },
      {
        "address": [
          "",
          8004
        ],
        "last_sent_to": 1595186841.2159324,
        "last_recv_from": 1595186843.2558174,
        "type": "uni",
        "neighbors_list": []
      },
      {
        "address": [
          "",
          8005
        ],
        "last_sent_to": 1595186845.262131,
        "last_recv_from": 1595186843.3154528,
        "type": "bi",
        "neighbors_list": [
          [
            [
              "",
              8001
            ],
            "uni"
          ],
          [
            [
              "",
              8003
            ],
            "tempuni"
          ]
        ]
      }
    ]
  },
  {
    "time": 1595186845.2756095,
    "procedure": "RCV",
    "address": [
      "",
      8000
    ],
    "neighbors": [
      {
        "address": [
          "",
          8000
        ],
        "last_sent_to": 1595186841.2159142,
        "last_recv_from": 1595186841.2159147,
        "type": null,
        "neighbors_list": []
      },
      {
        "address": [
          "",
          8001
        ],
        "last_sent_to": 1595186845.2492414,
        "last_recv_from": 1595186843.2259505,
        "type": "temp",
        "neighbors_list": []
      },
      {
        "address": [
          "",
          8002
        ],
        "last_sent_to": 1595186845.2498164,
        "last_recv_from": 1595186841.2159297,
        "type": "temp",
        "neighbors_list": []
      },
      {
        "address": [
          "",
          8004
        ],
        "last_sent_to": 1595186841.2159324,
        "last_recv_from": 1595186843.2558174,
        "type": "uni",
        "neighbors_list": []
      },
      {
        "address": [
          "",
          8005
        ],
        "last_sent_to": 1595186845.262131,
        "last_recv_from": 1595186843.3154528,
        "type": "bi",
        "neighbors_list": [
          [
            [
              "",
              8001
            ],
            "uni"
          ],
          [
            [
              "",
              8003
            ],
            "tempuni"
          ]
        ]
      }
    ]
  },
  {
    "time": 1595186845.2758849,
    "procedure": "UPDATE",
    "address": [
      "",
      8000
    ],
    "neighbors": [
      {
        "address": [
          "",
          8000
        ],
        "last_sent_to": 1595186841.2159142,
        "last_recv_from": 1595186845.2758782,
        "type": "uni",
        "neighbors_list": [
          [
            [
              "",
              8002
            ],
            "uni"
          ]
        ]
      },
      {
        "address": [
          "",
          8001
        ],
        "last_sent_to": 1595186845.2492414,
        "last_recv_from": 1595186843.2259505,
        "type": "temp",
        "neighbors_list": []
      },
      {
        "address": [
          "",
          8002
        ],
        "last_sent_to": 1595186845.2498164,
        "last_recv_from": 1595186841.2159297,
        "type": "temp",
        "neighbors_list": []
      },
      {
        "address": [
          "",
          8004
        ],
        "last_sent_to": 1595186841.2159324,
        "last_recv_from": 1595186843.2558174,
        "type": "uni",
        "neighbors_list": []
      },
      {
        "address": [
          "",
          8005
        ],
        "last_sent_to": 1595186845.262131,
        "last_recv_from": 1595186843.3154528,
        "type": "bi",
        "neighbors_list": [
          [
            [
              "",
              8001
            ],
            "uni"
          ],
          [
            [
              "",
              8003
            ],
            "tempuni"
          ]
        ]
      }
    ]
  },
  {
    "time": 1595186845.2771564,
    "procedure": "SEARCH",
    "address": [
      "",
      8001
    ],
    "neighbors": [
      {
        "address": [
          "",
          8000
        ],
        "last_sent_to": 1595186841.2159142,
        "last_recv_from": 1595186845.2758782,
        "type": "uni",
        "neighbors_list": [
          [
            [
              "",
              8002
            ],
            "uni"
          ]
        ]
      },
      {
        "address": [
          "",
          8001
        ],
        "last_sent_to": 1595186845.2492414,
        "last_recv_from": 1595186843.2259505,
        "type": "temp",
        "neighbors_list": []
      },
      {
        "address": [
          "",
          8002
        ],
        "last_sent_to": 1595186845.2498164,
        "last_recv_from": 1595186841.2159297,
        "type": "temp",
        "neighbors_list": []
      },
      {
        "address": [
          "",
          8004
        ],
        "last_sent_to": 1595186841.2159324,
        "last_recv_from": 1595186843.2558174,
        "type": "uni",
        "neighbors_list": []
      },
      {
        "address": [
          "",
          8005
        ],
        "last_sent_to": 1595186845.262131,
        "last_recv_from": 1595186843.3154528,
        "type": "bi",
        "neighbors_list": [
          [
            [
              "",
              8001
            ],
            "uni"
          ],
          [
            [
              "",
              8003
            ],
            "tempuni"
          ]
        ]
      }
    ]
  },
  {
    "time": 1595186845.2783346,
    "procedure": "RCV",
    "address": [
      "",
      8001
    ],
    "neighbors": [
      {
        "address": [
          "",
          8000
        ],
        "last_sent_to": 1595186841.2159142,
        "last_recv_from": 1595186845.2758782,
        "type": "uni",
        "neighbors_list": [
          [
            [
              "",
              8002
            ],
            "uni"
          ]
        ]
      },
      {
        "address": [
          "",
          8001
        ],
        "last_sent_to": 1595186845.2492414,
        "last_recv_from": 1595186843.2259505,
        "type": "temp",
        "neighbors_list": []
      },
      {
        "address": [
          "",
          8002
        ],
        "last_sent_to": 1595186845.2498164,
        "last_recv_from": 1595186841.2159297,
        "type": "temp",
        "neighbors_list": []
      },
      {
        "address": [
          "",
          8004
        ],
        "last_sent_to": 1595186841.2159324,
        "last_recv_from": 1595186843.2558174,
        "type": "uni",
        "neighbors_list": []
      },
      {
        "address": [
          "",
          8005
        ],
        "last_sent_to": 1595186845.262131,
        "last_recv_from": 1595186843.3154528,
        "type": "bi",
        "neighbors_list": [
          [
            [
              "",
              8001
            ],
            "uni"
          ],
          [
            [
              "",
              8003
            ],
            "tempuni"
          ]
        ]
      }
    ]
  },
  {
    "time": 1595186845.2786515,
    "procedure": "UPDATE",
    "address": [
      "",
      8001
    ],
    "neighbors": [
      {
        "address": [
          "",
          8000
        ],
        "last_sent_to": 1595186841.2159142,
        "last_recv_from": 1595186845.2758782,
        "type": "uni",
        "neighbors_list": [
          [
            [
              "",
              8002
            ],
            "uni"
          ]
        ]
      },
      {
        "address": [
          "",
          8001
        ],
        "last_sent_to": 1595186845.2492414,
        "last_recv_from": 1595186845.2786448,
        "type": "tempuni",
        "neighbors_list": [
          [
            [
              "",
              8004
            ],
            "uni"
          ]
        ]
      },
      {
        "address": [
          "",
          8002
        ],
        "last_sent_to": 1595186845.2498164,
        "last_recv_from": 1595186841.2159297,
        "type": "temp",
        "neighbors_list": []
      },
      {
        "address": [
          "",
          8004
        ],
        "last_sent_to": 1595186841.2159324,
        "last_recv_from": 1595186843.2558174,
        "type": "uni",
        "neighbors_list": []
      },
      {
        "address": [
          "",
          8005
        ],
        "last_sent_to": 1595186845.262131,
        "last_recv_from": 1595186843.3154528,
        "type": "bi",
        "neighbors_list": [
          [
            [
              "",
              8001
            ],
            "uni"
          ],
          [
            [
              "",
              8003
            ],
            "tempuni"
          ]
        ]
      }
    ]
  },
  {
    "time": 1595186845.3222587,
    "procedure": "RCV",
    "address": [
      "",
      8004
    ],
    "neighbors": [
      {
        "address": [
          "",
          8000
        ],
        "last_sent_to": 1595186841.2159142,
        "last_recv_from": 1595186845.2758782,
        "type": "uni",
        "neighbors_list": [
          [
            [
              "",
              8002
            ],
            "uni"
          ]
        ]
      },
      {
        "address": [
          "",
          8001
        ],
        "last_sent_to": 1595186845.2492414,
        "last_recv_from": 1595186845.2786448,
        "type": "tempuni",
        "neighbors_list": [
          [
            [
              "",
              8004
            ],
            "uni"
          ]
        ]
      },
      {
        "address": [
          "",
          8002
        ],
        "last_sent_to": 1595186845.2498164,
        "last_recv_from": 1595186841.2159297,
        "type": "temp",
        "neighbors_list": []
      },
      {
        "address": [
          "",
          8004
        ],
        "last_sent_to": 1595186841.2159324,
        "last_recv_from": 1595186843.2558174,
        "type": "uni",
        "neighbors_list": []
      },
      {
        "address": [
          "",
          8005
        ],
        "last_sent_to": 1595186845.262131,
        "last_recv_from": 1595186843.3154528,
        "type": "bi",
        "neighbors_list": [
          [
            [
              "",
              8001
            ],
            "uni"
          ],
          [
            [
              "",
              8003
            ],
            "tempuni"
          ]
        ]
      }
    ]
  },
  {
    "time": 1595186845.3226345,
    "procedure": "UPDATE",
    "address": [
      "",
      8004
    ],
    "neighbors": [
      {
        "address": [
          "",
          8000
        ],
        "last_sent_to": 1595186841.2159142,
        "last_recv_from": 1595186845.2758782,
        "type": "uni",
        "neighbors_list": [
          [
            [
              "",
              8002
            ],
            "uni"
          ]
        ]
      },
      {
        "address": [
          "",
          8001
        ],
        "last_sent_to": 1595186845.2492414,
        "last_recv_from": 1595186845.2786448,
        "type": "tempuni",
        "neighbors_list": [
          [
            [
              "",
              8004
            ],
            "uni"
          ]
        ]
      },
      {
        "address": [
          "",
          8002
        ],
        "last_sent_to": 1595186845.2498164,
        "last_recv_from": 1595186841.2159297,
        "type": "temp",
        "neighbors_list": []
      },
      {
        "address": [
          "",
          8004
        ],
        "last_sent_to": 1595186841.2159324,
        "last_recv_from": 1595186845.322626,
        "type": "uni",
        "neighbors_list": [
          [
            [
              "",
              8005
            ],
            "uni"
          ]
        ]
      },
      {
        "address": [
          "",
          8005
        ],
        "last_sent_to": 1595186845.262131,
        "last_recv_from": 1595186843.3154528,
        "type": "bi",
        "neighbors_list": [
          [
            [
              "",
              8001
            ],
            "uni"
          ],
          [
            [
              "",
              8003
            ],
            "tempuni"
          ]
        ]
      }
    ]
  },
  {
    "time": 1595186845.3459635,
    "procedure": "RCV",
    "address": [
      "",
      8005
    ],
    "neighbors": [
      {
        "address": [
          "",
          8000
        ],
        "last_sent_to": 1595186841.2159142,
        "last_recv_from": 1595186845.2758782,
        "type": "uni",
        "neighbors_list": [
          [
            [
              "",
              8002
            ],
            "uni"
          ]
        ]
      },
      {
        "address": [
          "",
          8001
        ],
        "last_sent_to": 1595186845.2492414,
        "last_recv_from": 1595186845.2786448,
        "type": "tempuni",
        "neighbors_list": [
          [
            [
              "",
              8004
            ],
            "uni"
          ]
        ]
      },
      {
        "address": [
          "",
          8002
        ],
        "last_sent_to": 1595186845.2498164,
        "last_recv_from": 1595186841.2159297,
        "type": "temp",
        "neighbors_list": []
      },
      {
        "address": [
          "",
          8004
        ],
        "last_sent_to": 1595186841.2159324,
        "last_recv_from": 1595186845.322626,
        "type": "uni",
        "neighbors_list": [
          [
            [
              "",
              8005
            ],
            "uni"
          ]
        ]
      },
      {
        "address": [
          "",
          8005
        ],
        "last_sent_to": 1595186845.262131,
        "last_recv_from": 1595186843.3154528,
        "type": "bi",
        "neighbors_list": [
          [
            [
              "",
              8001
            ],
            "uni"
          ],
          [
            [
              "",
              8003
            ],
            "tempuni"
          ]
        ]
      }
    ]
  },
  {
    "time": 1595186845.3461668,
    "procedure": "UPDATE",
    "address": [
      "",
      8005
    ],
    "neighbors": [
      {
        "address": [
          "",
          8000
        ],
        "last_sent_to": 1595186841.2159142,
        "last_recv_from": 1595186845.2758782,
        "type": "uni",
        "neighbors_list": [
          [
            [
              "",
              8002
            ],
            "uni"
          ]
        ]
      },
      {
        "address": [
          "",
          8001
        ],
        "last_sent_to": 1595186845.2492414,
        "last_recv_from": 1595186845.2786448,
        "type": "tempuni",
        "neighbors_list": [
          [
            [
              "",
              8004
            ],
            "uni"
          ]
        ]
      },
      {
        "address": [
          "",
          8002
        ],
        "last_sent_to": 1595186845.2498164,
        "last_recv_from": 1595186841.2159297,
        "type": "temp",
        "neighbors_list": []
      },
      {
        "address": [
          "",
          8004
        ],
        "last_sent_to": 1595186841.2159324,
        "last_recv_from": 1595186845.322626,
        "type": "uni",
        "neighbors_list": [
          [
            [
              "",
              8005
            ],
            "uni"
          ]
        ]
      },
      {
        "address": [
          "",
          8005
        ],
        "last_sent_to": 1595186845.262131,
        "last_recv_from": 1595186845.3461647,
        "type": "bi",
        "neighbors_list": [
          [
            [
              "",
              8001
            ],
            "uni"
          ],
          [
            [
              "",
              8003
            ],
            "bi"
          ]
        ]
      }
    ]
  },
  {
    "time": 1595186846.3275516,
    "procedure": "SEARCH",
    "address": [
      "",
      8002
    ],
    "neighbors": [
      {
        "address": [
          "",
          8000
        ],
        "last_sent_to": 1595186841.2159142,
        "last_recv_from": 1595186845.2758782,
        "type": "uni",
        "neighbors_list": [
          [
            [
              "",
              8002
            ],
            "uni"
          ]
        ]
      },
      {
        "address": [
          "",
          8001
        ],
        "last_sent_to": 1595186845.2492414,
        "last_recv_from": 1595186845.2786448,
        "type": "uni",
        "neighbors_list": [
          [
            [
              "",
              8004
            ],
            "uni"
          ]
        ]
      },
      {
        "address": [
          "",
          8002
        ],
        "last_sent_to": 1595186845.2498164,
        "last_recv_from": 1595186841.2159297,
        "type": "temp",
        "neighbors_list": []
      },
      {
        "address": [
          "",
          8004
        ],
        "last_sent_to": 1595186841.2159324,
        "last_recv_from": 1595186845.322626,
        "type": "uni",
        "neighbors_list": [
          [
            [
              "",
              8005
            ],
            "uni"
          ]
        ]
      },
      {
        "address": [
          "",
          8005
        ],
        "last_sent_to": 1595186845.262131,
        "last_recv_from": 1595186845.3461647,
        "type": "bi",
        "neighbors_list": [
          [
            [
              "",
              8001
            ],
            "uni"
          ],
          [
            [
              "",
              8003
            ],
            "bi"
          ]
        ]
      }
    ]
  },
  {
    "time": 1595186847.2375345,
    "procedure": "RCV",
    "address": [
      "",
      8000
    ],
    "neighbors": [
      {
        "address": [
          "",
          8000
        ],
        "last_sent_to": 1595186841.2159142,
        "last_recv_from": 1595186845.2758782,
        "type": "uni",
        "neighbors_list": [
          [
            [
              "",
              8002
            ],
            "uni"
          ]
        ]
      },
      {
        "address": [
          "",
          8001
        ],
        "last_sent_to": 1595186845.2492414,
        "last_recv_from": 1595186845.2786448,
        "type": "uni",
        "neighbors_list": [
          [
            [
              "",
              8004
            ],
            "uni"
          ]
        ]
      },
      {
        "address": [
          "",
          8002
        ],
        "last_sent_to": 1595186845.2498164,
        "last_recv_from": 1595186841.2159297,
        "type": "temp",
        "neighbors_list": []
      },
      {
        "address": [
          "",
          8004
        ],
        "last_sent_to": 1595186841.2159324,
        "last_recv_from": 1595186845.322626,
        "type": "uni",
        "neighbors_list": [
          [
            [
              "",
              8005
            ],
            "uni"
          ]
        ]
      },
      {
        "address": [
          "",
          8005
        ],
        "last_sent_to": 1595186845.262131,
        "last_recv_from": 1595186845.3461647,
        "type": "bi",
        "neighbors_list": [
          [
            [
              "",
              8001
            ],
            "uni"
          ],
          [
            [
              "",
              8003
            ],
            "bi"
          ]
        ]
      }
    ]
  },
  {
    "time": 1595186847.237861,
    "procedure": "UPDATE",
    "address": [
      "",
      8000
    ],
    "neighbors": [
      {
        "address": [
          "",
          8000
        ],
        "last_sent_to": 1595186841.2159142,
        "last_recv_from": 1595186847.2378511,
        "type": "uni",
        "neighbors_list": [
          [
            [
              "",
              8002
            ],
            "uni"
          ],
          [
            [
              "",
              8004
            ],
            "uni"
          ]
        ]
      },
      {
        "address": [
          "",
          8001
        ],
        "last_sent_to": 1595186845.2492414,
        "last_recv_from": 1595186845.2786448,
        "type": "uni",
        "neighbors_list": [
          [
            [
              "",
              8004
            ],
            "uni"
          ]
        ]
      },
      {
        "address": [
          "",
          8002
        ],
        "last_sent_to": 1595186845.2498164,
        "last_recv_from": 1595186841.2159297,
        "type": "temp",
        "neighbors_list": []
      },
      {
        "address": [
          "",
          8004
        ],
        "last_sent_to": 1595186841.2159324,
        "last_recv_from": 1595186845.322626,
        "type": "uni",
        "neighbors_list": [
          [
            [
              "",
              8005
            ],
            "uni"
          ]
        ]
      },
      {
        "address": [
          "",
          8005
        ],
        "last_sent_to": 1595186845.262131,
        "last_recv_from": 1595186845.3461647,
        "type": "bi",
        "neighbors_list": [
          [
            [
              "",
              8001
            ],
            "uni"
          ],
          [
            [
              "",
              8003
            ],
            "bi"
          ]
        ]
      }
    ]
  },
  {
    "time": 1595186847.2713683,
    "procedure": "SEND",
    "address": [
      "",
      8002
    ],
    "neighbors": [
      {
        "address": [
          "",
          8000
        ],
        "last_sent_to": 1595186841.2159142,
        "last_recv_from": 1595186847.2378511,
        "type": "uni",
        "neighbors_list": [
          [
            [
              "",
              8002
            ],
            "uni"
          ],
          [
            [
              "",
              8004
            ],
            "uni"
          ]
        ]
      },
      {
        "address": [
          "",
          8001
        ],
        "last_sent_to": 1595186845.2492414,
        "last_recv_from": 1595186845.2786448,
        "type": "uni",
        "neighbors_list": [
          [
            [
              "",
              8004
            ],
            "uni"
          ]
        ]
      },
      {
        "address": [
          "",
          8002
        ],
        "last_sent_to": 1595186847.271362,
        "last_recv_from": 1595186841.2159297,
        "type": "temp",
        "neighbors_list": []
      },
      {
        "address": [
          "",
          8004
        ],
        "last_sent_to": 1595186841.2159324,
        "last_recv_from": 1595186845.322626,
        "type": "uni",
        "neighbors_list": [
          [
            [
              "",
              8005
            ],
            "uni"
          ]
        ]
      },
      {
        "address": [
          "",
          8005
        ],
        "last_sent_to": 1595186845.262131,
        "last_recv_from": 1595186845.3461647,
        "type": "bi",
        "neighbors_list": [
          [
            [
              "",
              8001
            ],
            "uni"
          ],
          [
            [
              "",
              8003
            ],
            "bi"
          ]
        ]
      }
    ]
  },
  {
    "time": 1595186847.2723203,
    "procedure": "SEND",
    "address": [
      "",
      8005
    ],
    "neighbors": [
      {
        "address": [
          "",
          8000
        ],
        "last_sent_to": 1595186841.2159142,
        "last_recv_from": 1595186847.2378511,
        "type": "uni",
        "neighbors_list": [
          [
            [
              "",
              8002
            ],
            "uni"
          ],
          [
            [
              "",
              8004
            ],
            "uni"
          ]
        ]
      },
      {
        "address": [
          "",
          8001
        ],
        "last_sent_to": 1595186845.2492414,
        "last_recv_from": 1595186845.2786448,
        "type": "uni",
        "neighbors_list": [
          [
            [
              "",
              8004
            ],
            "uni"
          ]
        ]
      },
      {
        "address": [
          "",
          8002
        ],
        "last_sent_to": 1595186847.271362,
        "last_recv_from": 1595186841.2159297,
        "type": "temp",
        "neighbors_list": []
      },
      {
        "address": [
          "",
          8004
        ],
        "last_sent_to": 1595186841.2159324,
        "last_recv_from": 1595186845.322626,
        "type": "uni",
        "neighbors_list": [
          [
            [
              "",
              8005
            ],
            "uni"
          ]
        ]
      },
      {
        "address": [
          "",
          8005
        ],
        "last_sent_to": 1595186847.2723143,
        "last_recv_from": 1595186845.3461647,
        "type": "bi",
        "neighbors_list": [
          [
            [
              "",
              8001
            ],
            "uni"
          ],
          [
            [
              "",
              8003
            ],
            "bi"
          ]
        ]
      }
    ]
  }
]