[
  [
    "",
    8004
  ],
  {
    "time": 1595186841.2201822,
    "procedure": "SEARCH",
    "address": [
      "",
      8003
    ],
    "neighbors": [
      {
        "address": [
          "",
          8000
        ],
        "last_sent_to": 1595186841.2164783,
        "last_recv_from": 1595186841.216479,
        "type": null,
        "neighbors_list": []
      },
      {
        "address": [
          "",
          8001
        ],
        "last_sent_to": 1595186841.2164874,
        "last_recv_from": 1595186841.2164876,
        "type": null,
        "neighbors_list": []
      },
      {
        "address": [
          "",
          8002
        ],
        "last_sent_to": 1595186841.216491,
        "last_recv_from": 1595186841.2164912,
        "type": null,
        "neighbors_list": []
      },
      {
        "address": [
          "",
          8003
        ],
        "last_sent_to": 1595186841.2164953,
        "last_recv_from": 1595186841.2164955,
        "type": "temp",
        "neighbors_list": []
      },
      {
        "address": [
          "",
          8005
        ],
        "last_sent_to": 1595186841.2164998,
        "last_recv_from": 1595186841.2164998,
        "type": null,
        "neighbors_list": []
      }
    ]
  },
  {
    "time": 1595186842.225612,
    "procedure": "SEARCH",
    "address": [
      "",
      8001
    ],
    "neighbors": [
      {
        "address": [
          "",
          8000
        ],
        "last_sent_to": 1595186841.2164783,
        "last_recv_from": 1595186841.216479,
        "type": null,
        "neighbors_list": []
      },
      {
        "address": [
          "",
          8001
        ],
        "last_sent_to": 1595186841.2164874,
        "last_recv_from": 1595186841.2164876,
        "type": "temp",
        "neighbors_list": []
      },
      {
        "address": [
          "",
          8002
        ],
        "last_sent_to": 1595186841.216491,
        "last_recv_from": 1595186841.2164912,
        "type": null,
        "neighbors_list": []
      },
      {
        "address": [
          "",
          8003
        ],
        "last_sent_to": 1595186841.2164953,
        "last_recv_from": 1595186841.2164955,
        "type": "temp",
        "neighbors_list": []
      },
      {
        "address": [
          "",
          8005
        ],
        "last_sent_to": 1595186841.2164998,
        "last_recv_from": 1595186841.2164998,
        "type": null,
        "neighbors_list": []
      }
    ]
  },
  {
    "time": 1595186843.225227,
    "procedure": "SEND",
    "address": [
      "",
      8001
    ],
    "neighbors": [
      {
        "address": [
          "",
          8000
        ],
        "last_sent_to": 1595186841.2164783,
        "last_recv_from": 1595186841.216479,
        "type": null,
        "neighbors_list": []
      },
      {
        "address": [
          "",
          8001
        ],
        "last_sent_to": 1595186843.2252238,
        "last_recv_from": 1595186841.2164876,
        "type": "temp",
        "neighbors_list": []
      },
      {
        "address": [
          "",
          8002
        ],
        "last_sent_to": 1595186841.216491,
        "last_recv_from": 1595186841.2164912,
        "type": null,
        "neighbors_list": []
      },
      {
        "address": [
          "",
          8003
        ],
        "last_sent_to": 1595186841.2164953,
        "last_recv_from": 1595186841.2164955,
        "type": "temp",
        "neighbors_list": []
      },
      {
        "address": [
          "",
          8005
        ],
        "last_sent_to": 1595186841.2164998,
        "last_recv_from": 1595186841.2164998,
        "type": null,
        "neighbors_list": []
      }
    ]
  },
  {
    "time": 1595186843.2484002,
    "procedure": "SEND",
    "address": [
      "",
      8003
    ],
    "neighbors": [
      {
        "address": [
          "",
          8000
        ],
        "last_sent_to": 1595186841.2164783,
        "last_recv_from": 1595186841.216479,
        "type": null,
        "neighbors_list": []
      },
      {
        "address": [
          "",
          8001
        ],
        "last_sent_to": 1595186843.2252238,
        "last_recv_from": 1595186841.2164876,
        "type": "temp",
        "neighbors_list": []
      },
      {
        "address": [
          "",
          8002
        ],
        "last_sent_to": 1595186841.216491,
        "last_recv_from": 1595186841.2164912,
        "type": null,
        "neighbors_list": []
      },
      {
        "address": [
          "",
          8003
        ],
        "last_sent_to": 1595186843.2483935,
        "last_recv_from": 1595186841.2164955,
        "type": "temp",
        "neighbors_list": []
      },
      {
        "address": [
          "",
          8005
        ],
        "last_sent_to": 1595186841.2164998,
        "last_recv_from": 1595186841.2164998,
        "type": null,
        "neighbors_list": []
      }
    ]
  },
  {
    "time": 1595186843.330525,
    "procedure": "RCV",
    "address": [
      "",
      8005
    ],
    "neighbors": [
      {
        "address": [
          "",
          8000
        ],
        "last_sent_to": 1595186841.2164783,
        "last_recv_from": 1595186841.216479,
        "type": null,
        "neighbors_list": []
      },
      {
        "address": [
          "",
          8001
        ],
        "last_sent_to": 1595186843.2252238,
        "last_recv_from": 1595186841.2164876,
        "type": "temp",
        "neighbors_list": []
      },
      {
        "address": [
          "",
          8002
        ],
        "last_sent_to": 1595186841.216491,
        "last_recv_from": 1595186841.2164912,
        "type": null,
        "neighbors_list": []
      },
      {
        "address": [
          "",
          8003
        ],
        "last_sent_to": 1595186843.2483935,
        "last_recv_from": 1595186841.2164955,
        "type": "temp",
        "neighbors_list": []
      },
      {
        "address": [
          "",
          8005
        ],
        "last_sent_to": 1595186841.2164998,
        "last_recv_from": 1595186841.2164998,
        "type": null,
        "neighbors_list": []
      }
    ]
  },
  {
    "time": 1595186843.3308108,
    "procedure": "UPDATE",
    "address": [
      "",
      8005
    ],
    "neighbors": [
      {
        "address": [
          "",
          8000
        ],
        "last_sent_to": 1595186841.2164783,
        "last_recv_from": 1595186841.216479,
        "type": null,
        "neighbors_list": []
      },
      {
        "address": [
          "",
          8001
        ],
        "last_sent_to": 1595186843.2252238,
        "last_recv_from": 1595186841.2164876,
        "type": "temp",
        "neighbors_list": []
      },
      {
        "address": [
          "",
          8002
        ],
        "last_sent_to": 1595186841.216491,
        "last_recv_from": 1595186841.2164912,
        "type": null,
        "neighbors_list": []
      },
      {
        "address": [
          "",
          8003
        ],
        "last_sent_to": 1595186843.2483935,
        "last_recv_from": 1595186841.2164955,
        "type": "temp",
        "neighbors_list": []
      },
      {
        "address": [
          "",
          8005
        ],
        "last_sent_to": 1595186841.2164998,
        "last_recv_from": 1595186843.3308034,
        "type": "uni",
        "neighbors_list": [
          [
            [
              "",
              8001
            ],
            "uni"
          ],
          [
            [
              "",
              8003
            ],
            "tempuni"
          ]
        ]
      }
    ]
  },
  {
    "time": 1595186844.2386398,
    "procedure": "SEARCH",
    "address": [
      "",
      8002
    ],
    "neighbors": [
      {
        "address": [
          "",
          8000
        ],
        "last_sent_to": 1595186841.2164783,
        "last_recv_from": 1595186841.216479,
        "type": null,
        "neighbors_list": []
      },
      {
        "address": [
          "",
          8001
        ],
        "last_sent_to": 1595186843.2252238,
        "last_recv_from": 1595186841.2164876,
        "type": "temp",
        "neighbors_list": []
      },
      {
        "address": [
          "",
          8002
        ],
        "last_sent_to": 1595186841.216491,
        "last_recv_from": 1595186841.2164912,
        "type": "temp",
        "neighbors_list": []
      },
      {
        "address": [
          "",
          8003
        ],
        "last_sent_to": 1595186843.2483935,
        "last_recv_from": 1595186841.2164955,
        "type": "temp",
        "neighbors_list": []
      },
      {
        "address": [
          "",
          8005
        ],
        "last_sent_to": 1595186841.2164998,
        "last_recv_from": 1595186843.3308034,
        "type": "uni",
        "neighbors_list": [
          [
            [
              "",
              8001
            ],
            "uni"
          ],
          [
            [
              "",
              8003
            ],
            "tempuni"
          ]
        ]
      }
    ]
  },
  {
    "time": 1595186845.240423,
    "procedure": "SEARCH",
    "address": [
      "",
      8000
    ],
    "neighbors": [
      {
        "address": [
          "",
          8000
        ],
        "last_sent_to": 1595186841.2164783,
        "last_recv_from": 1595186841.216479,
        "type": "temp",
        "neighbors_list": []
      },
      {
        "address": [
          "",
          8001
        ],
        "last_sent_to": 1595186843.2252238,
        "last_recv_from": 1595186841.2164876,
        "type": "temp",
        "neighbors_list": []
      },
      {
        "address": [
          "",
          8002
        ],
        "last_sent_to": 1595186841.216491,
        "last_recv_from": 1595186841.2164912,
        "type": "temp",
        "neighbors_list": []
      },
      {
        "address": [
          "",
          8003
        ],
        "last_sent_to": 1595186843.2483935,
        "last_recv_from": 1595186841.2164955,
        "type": "temp",
        "neighbors_list": []
      },
      {
        "address": [
          "",
          8005
        ],
        "last_sent_to": 1595186841.2164998,
        "last_recv_from": 1595186843.3308034,
        "type": "uni",
        "neighbors_list": [
          [
            [
              "",
              8001
            ],
            "uni"
          ],
          [
            [
              "",
              8003
            ],
            "tempuni"
          ]
        ]
      }
    ]
  },
  {
    "time": 1595186845.2567031,
    "procedure": "SEND",
    "address": [
      "",
      8000
    ],
    "neighbors": [
      {
        "address": [
          "",
          8000
        ],
        "last_sent_to": 1595186845.2567012,
        "last_recv_from": 1595186841.216479,
        "type": "temp",
        "neighbors_list": []
      },
      {
        "address": [
          "",
          8001
        ],
        "last_sent_to": 1595186843.2252238,
        "last_recv_from": 1595186841.2164876,
        "type": "temp",
        "neighbors_list": []
      },
      {
        "address": [
          "",
          8002
        ],
        "last_sent_to": 1595186841.216491,
        "last_recv_from": 1595186841.2164912,
        "type": "temp",
        "neighbors_list": []
      },
      {
        "address": [
          "",
          8003
        ],
        "last_sent_to": 1595186843.2483935,
        "last_recv_from": 1595186841.2164955,
        "type": "temp",
        "neighbors_list": []
      },
      {
        "address": [
          "",
          8005
        ],
        "last_sent_to": 1595186841.2164998,
        "last_recv_from": 1595186843.3308034,
        "type": "uni",
        "neighbors_list": [
          [
            [
              "",
              8001
            ],
            "uni"
          ],
          [
            [
              "",
              8003
            ],
            "tempuni"
          ]
        ]
      }
    ]
  },
  {
    "time": 1595186845.2694712,
    "procedure": "SEND",
    "address": [
      "",
      8001
    ],
    "neighbors": [
      {
        "address": [
          "",
          8000
        ],
        "last_sent_to": 1595186845.2567012,
        "last_recv_from": 1595186841.216479,
        "type": "temp",
        "neighbors_list": []
      },
      {
        "address": [
          "",
          8001
        ],
        "last_sent_to": 1595186845.269463,
        "last_recv_from": 1595186841.2164876,
        "type": "temp",
        "neighbors_list": []
      },
      {
        "address": [
          "",
          8002
        ],
        "last_sent_to": 1595186841.216491,
        "last_recv_from": 1595186841.2164912,
        "type": "temp",
        "neighbors_list": []
      },
      {
        "address": [
          "",
          8003
        ],
        "last_sent_to": 1595186843.2483935,
        "last_recv_from": 1595186841.2164955,
        "type": "temp",
        "neighbors_list": []
      },
      {
        "address": [
          "",
          8005
        ],
        "last_sent_to": 1595186841.2164998,
        "last_recv_from": 1595186843.3308034,
        "type": "uni",
        "neighbors_list": [
          [
            [
              "",
              8001
            ],
            "uni"
          ],
          [
            [
              "",
              8003
            ],
            "tempuni"
          ]
        ]
      }
    ]
  },
  {
    "time": 1595186845.2750015,
    "procedure": "SEND",
    "address": [
      "",
      8002
    ],
    "neighbors": [
      {
        "address": [
          "",
          8000
        ],
        "last_sent_to": 1595186845.2567012,
        "last_recv_from": 1595186841.216479,
        "type": "temp",
        "neighbors_list": []
      },
      {
        "address": [
          "",
          8001
        ],
        "last_sent_to": 1595186845.269463,
        "last_recv_from": 1595186841.2164876,
        "type": "temp",
        "neighbors_list": []
      },
      {
        "address": [
          "",
          8002
        ],
        "last_sent_to": 1595186845.2749996,
        "last_recv_from": 1595186841.2164912,
        "type": "temp",
        "neighbors_list": []
      },
      {
        "address": [
          "",
          8003
        ],
        "last_sent_to": 1595186843.2483935,
        "last_recv_from": 1595186841.2164955,
        "type": "temp",
        "neighbors_list": []
      },
      {
        "address": [
          "",
          8005
        ],
        "last_sent_to": 1595186841.2164998,
        "last_recv_from": 1595186843.3308034,
        "type": "uni",
        "neighbors_list": [
          [
            [
              "",
              8001
            ],
            "uni"
          ],
          [
            [
              "",
              8003
            ],
            "tempuni"
          ]
        ]
      }
    ]
  },
  {
    "time": 1595186845.2762272,
    "procedure": "SEND",
    "address": [
      "",
      8003
    ],
    "neighbors": [
      {
        "address": [
          "",
          8000
        ],
        "last_sent_to": 1595186845.2567012,
        "last_recv_from": 1595186841.216479,
        "type": "temp",
        "neighbors_list": []
      },
      {
        "address": [
          "",
          8001
        ],
        "last_sent_to": 1595186845.269463,
        "last_recv_from": 1595186841.2164876,
        "type": "temp",
        "neighbors_list": []
      },
      {
        "address": [
          "",
          8002
        ],
        "last_sent_to": 1595186845.2749996,
        "last_recv_from": 1595186841.2164912,
        "type": "temp",
        "neighbors_list": []
      },
      {
        "address": [
          "",
          8003
        ],
        "last_sent_to": 1595186845.2762234,
        "last_recv_from": 1595186841.2164955,
        "type": "temp",
        "neighbors_list": []
      },
      {
        "address": [
          "",
          8005
        ],
        "last_sent_to": 1595186841.2164998,
        "last_recv_from": 1595186843.3308034,
        "type": "uni",
        "neighbors_list": [
          [
            [
              "",
              8001
            ],
            "uni"
          ],
          [
            [
              "",
              8003
            ],
            "tempuni"
          ]
        ]
      }
    ]
  },
  {
    "time": 1595186845.3453135,
    "procedure": "RCV",
    "address": [
      "",
      8005
    ],
    "neighbors": [
      {
        "address": [
          "",
          8000
        ],
        "last_sent_to": 1595186845.2567012,
        "last_recv_from": 1595186841.216479,
        "type": "temp",
        "neighbors_list": []
      },
      {
        "address": [
          "",
          8001
        ],
        "last_sent_to": 1595186845.269463,
        "last_recv_from": 1595186841.2164876,
        "type": "temp",
        "neighbors_list": []
      },
      {
        "address": [
          "",
          8002
        ],
        "last_sent_to": 1595186845.2749996,
        "last_recv_from": 1595186841.2164912,
        "type": "temp",
        "neighbors_list": []
      },
      {
        "address": [
          "",
          8003
        ],
        "last_sent_to": 1595186845.2762234,
        "last_recv_from": 1595186841.2164955,
        "type": "temp",
        "neighbors_list": []
      },
      {
        "address": [
          "",
          8005
        ],
        "last_sent_to": 1595186841.2164998,
        "last_recv_from": 1595186843.3308034,
        "type": "uni",
        "neighbors_list": [
          [
            [
              "",
              8001
            ],
            "uni"
          ],
          [
            [
              "",
              8003
            ],
            "tempuni"
          ]
        ]
      }
    ]
  },
  {
    "time": 1595186845.3455892,
    "procedure": "UPDATE",
    "address": [
      "",
      8005
    ],
    "neighbors": [
      {
        "address": [
          "",
          8000
        ],
        "last_sent_to": 1595186845.2567012,
        "last_recv_from": 1595186841.216479,
        "type": "temp",
        "neighbors_list": []
      },
      {
        "address": [
          "",
          8001
        ],
        "last_sent_to": 1595186845.269463,
        "last_recv_from": 1595186841.2164876,
        "type": "temp",
        "neighbors_list": []
      },
      {
        "address": [
          "",
          8002
        ],
        "last_sent_to": 1595186845.2749996,
        "last_recv_from": 1595186841.2164912,
        "type": "temp",
        "neighbors_list": []
      },
      {
        "address": [
          "",
          8003
        ],
        "last_sent_to": 1595186845.2762234,
        "last_recv_from": 1595186841.2164955,
        "type": "temp",
        "neighbors_list": []
      },
      {
        "address": [
          "",
          8005
        ],
        "last_sent_to": 1595186841.2164998,
        "last_recv_from": 1595186845.3455822,
        "type": "uni",
        "neighbors_list": [
          [
            [
              "",
              8001
            ],
            "uni"
          ],
          [
            [
              "",
              8003
            ],
            "bi"
          ]
        ]
      }
    ]
  },
  {
    "time": 1595186846.2462714,
    "procedure": "SEARCH",
    "address": [
      "",
      8005
    ],
    "neighbors": [
      {
        "address": [
          "",
          8000
        ],
        "last_sent_to": 1595186845.2567012,
        "last_recv_from": 1595186841.216479,
        "type": "temp",
        "neighbors_list": []
      },
      {
        "address": [
          "",
          8001
        ],
        "last_sent_to": 1595186845.269463,
        "last_recv_from": 1595186841.2164876,
        "type": "temp",
        "neighbors_list": []
      },
      {
        "address": [
          "",
          8002
        ],
        "last_sent_to": 1595186845.2749996,
        "last_recv_from": 1595186841.2164912,
        "type": "temp",
        "neighbors_list": []
      },
      {
        "address": [
          "",
          8003
        ],
        "last_sent_to": 1595186845.2762234,
        "last_recv_from": 1595186841.2164955,
        "type": "temp",
        "neighbors_list": []
      },
      {
        "address": [
          "",
          8005
        ],
        "last_sent_to": 1595186841.2164998,
        "last_recv_from": 1595186845.3455822,
        "type": "temp",
        "neighbors_list": [
          [
            [
              "",
              8001
            ],
            "uni"
          ],
          [
            [
              "",
              8003
            ],
            "bi"
          ]
        ]
      }
    ]
  },
  {
    "time": 1595186847.283138,
    "procedure": "SEND",
    "address": [
      "",
      8000
    ],
    "neighbors": [
      {
        "address": [
          "",
          8000
        ],
        "last_sent_to": 1595186847.283119,
        "last_recv_from": 1595186841.216479,
        "type": "temp",
        "neighbors_list": []
      },
      {
        "address": [
          "",
          8001
        ],
        "last_sent_to": 1595186845.269463,
        "last_recv_from": 1595186841.2164876,
        "type": "temp",
        "neighbors_list": []
      },
      {
        "address": [
          "",
          8002
        ],
        "last_sent_to": 1595186845.2749996,
        "last_recv_from": 1595186841.2164912,
        "type": "temp",
        "neighbors_list": []
      },
      {
        "address": [
          "",
          8003
        ],
        "last_sent_to": 1595186845.2762234,
        "last_recv_from": 1595186841.2164955,
        "type": "temp",
        "neighbors_list": []
      },
      {
        "address": [
          "",
          8005
        ],
        "last_sent_to": 1595186841.2164998,
        "last_recv_from": 1595186845.3455822,
        "type": "temp",
        "neighbors_list": [
          [
            [
              "",
              8001
            ],
            "uni"
          ],
          [
            [
              "",
              8003
            ],
            "bi"
          ]
        ]
      }
    ]
  },
  {
    "time": 1595186847.2839024,
    "procedure": "SEND",
    "address": [
      "",
      8001
    ],
    "neighbors": [
      {
        "address": [
          "",
          8000
        ],
        "last_sent_to": 1595186847.283119,
        "last_recv_from": 1595186841.216479,
        "type": "temp",
        "neighbors_list": []
      },
      {
        "address": [
          "",
          8001
        ],
        "last_sent_to": 1595186847.2838979,
        "last_recv_from": 1595186841.2164876,
        "type": "temp",
        "neighbors_list": []
      },
      {
        "address": [
          "",
          8002
        ],
        "last_sent_to": 1595186845.2749996,
        "last_recv_from": 1595186841.2164912,
        "type": "temp",
        "neighbors_list": []
      },
      {
        "address": [
          "",
          8003
        ],
        "last_sent_to": 1595186845.2762234,
        "last_recv_from": 1595186841.2164955,
        "type": "temp",
        "neighbors_list": []
      },
      {
        "address": [
          "",
          8005
        ],
        "last_sent_to": 1595186841.2164998,
        "last_recv_from": 1595186845.3455822,
        "type": "temp",
        "neighbors_list": [
          [
            [
              "",
              8001
            ],
            "uni"
          ],
          [
            [
              "",
              8003
            ],
            "bi"
          ]
        ]
      }
    ]
  },
  {
    "time": 1595186847.2843332,
    "procedure": "SEND",
    "address": [
      "",
      8002
    ],
    "neighbors": [
      {
        "address": [
          "",
          8000
        ],
        "last_sent_to": 1595186847.283119,
        "last_recv_from": 1595186841.216479,
        "type": "temp",
        "neighbors_list": []
      },
      {
        "address": [
          "",
          8001
        ],
        "last_sent_to": 1595186847.2838979,
        "last_recv_from": 1595186841.2164876,
        "type": "temp",
        "neighbors_list": []
      },
      {
        "address": [
          "",
          8002
        ],
        "last_sent_to": 1595186847.2843306,
        "last_recv_from": 1595186841.2164912,
        "type": "temp",
        "neighbors_list": []
      },
      {
        "address": [
          "",
          8003
        ],
        "last_sent_to": 1595186845.2762234,
        "last_recv_from": 1595186841.2164955,
        "type": "temp",
        "neighbors_list": []
      },
      {
        "address": [
          "",
          8005
        ],
        "last_sent_to": 1595186841.2164998,
        "last_recv_from": 1595186845.3455822,
        "type": "temp",
        "neighbors_list": [
          [
            [
              "",
              8001
            ],
            "uni"
          ],
          [
            [
              "",
              8003
            ],
            "bi"
          ]
        ]
      }
    ]
  },
  {
    "time": 1595186847.285103,
    "procedure": "SEND",
    "address": [
      "",
      8003
    ],
    "neighbors": [
      {
        "address": [
          "",
          8000
        ],
        "last_sent_to": 1595186847.283119,
        "last_recv_from": 1595186841.216479,
        "type": "temp",
        "neighbors_list": []
      },
      {
        "address": [
          "",
          8001
        ],
        "last_sent_to": 1595186847.2838979,
        "last_recv_from": 1595186841.2164876,
        "type": "temp",
        "neighbors_list": []
      },
      {
        "address": [
          "",
          8002
        ],
        "last_sent_to": 1595186847.2843306,
        "last_recv_from": 1595186841.2164912,
        "type": "temp",
        "neighbors_list": []
      },
      {
        "address": [
          "",
          8003
        ],
        "last_sent_to": 1595186847.2851002,
        "last_recv_from": 1595186841.2164955,
        "type": "temp",
        "neighbors_list": []
      },
      {
        "address": [
          "",
          8005
        ],
        "last_sent_to": 1595186841.2164998,
        "last_recv_from": 1595186845.3455822,
        "type": "temp",
        "neighbors_list": [
          [
            [
              "",
              8001
            ],
            "uni"
          ],
          [
            [
              "",
              8003
            ],
            "bi"
          ]
        ]
      }
    ]
  },
  {
    "time": 1595186847.288505,
    "procedure": "SEND",
    "address": [
      "",
      8005
    ],
    "neighbors": [
      {
        "address": [
          "",
          8000
        ],
        "last_sent_to": 1595186847.283119,
        "last_recv_from": 1595186841.216479,
        "type": "temp",
        "neighbors_list": []
      },
      {
        "address": [
          "",
          8001
        ],
        "last_sent_to": 1595186847.2838979,
        "last_recv_from": 1595186841.2164876,
        "type": "temp",
        "neighbors_list": []
      },
      {
        "address": [
          "",
          8002
        ],
        "last_sent_to": 1595186847.2843306,
        "last_recv_from": 1595186841.2164912,
        "type": "temp",
        "neighbors_list": []
      },
      {
        "address": [
          "",
          8003
        ],
        "last_sent_to": 1595186847.2851002,
        "last_recv_from": 1595186841.2164955,
        "type": "temp",
        "neighbors_list": []
      },
      {
        "address": [
          "",
          8005
        ],
        "last_sent_to": 1595186847.288502,
        "last_recv_from": 1595186845.3455822,
        "type": "temp",
        "neighbors_list": [
          [
            [
              "",
              8001
            ],
            "uni"
          ],
          [
            [
              "",
              8003
            ],
            "bi"
          ]
        ]
      }
    ]
  },
  {
    "time": 1595186847.3475225,
    "procedure": "RCV",
    "address": [
      "",
      8005
    ],
    "neighbors": [
      {
        "address": [
          "",
          8000
        ],
        "last_sent_to": 1595186847.283119,
        "last_recv_from": 1595186841.216479,
        "type": "temp",
        "neighbors_list": []
      },
      {
        "address": [
          "",
          8001
        ],
        "last_sent_to": 1595186847.2838979,
        "last_recv_from": 1595186841.2164876,
        "type": "temp",
        "neighbors_list": []
      },
      {
        "address": [
          "",
          8002
        ],
        "last_sent_to": 1595186847.2843306,
        "last_recv_from": 1595186841.2164912,
        "type": "temp",
        "neighbors_list": []
      },
      {
        "address": [
          "",
          8003
        ],
        "last_sent_to": 1595186847.2851002,
        "last_recv_from": 1595186841.2164955,
        "type": "temp",
        "neighbors_list": []
      },
      {
        "address": [
          "",
          8005
        ],
        "last_sent_to": 1595186847.288502,
        "last_recv_from": 1595186845.3455822,
        "type": "temp",
        "neighbors_list": [
          [
            [
              "",
              8001
            ],
            "uni"
          ],
          [
            [
              "",
              8003
            ],
            "bi"
          ]
        ]
      }
    ]
  },
  {
    "time": 1595186847.3476872,
    "procedure": "UPDATE",
    "address": [
      "",
      8005
    ],
    "neighbors": [
      {
        "address": [
          "",
          8000
        ],
        "last_sent_to": 1595186847.283119,
        "last_recv_from": 1595186841.216479,
        "type": "temp",
        "neighbors_list": []
      },
      {
        "address": [
          "",
          8001
        ],
        "last_sent_to": 1595186847.2838979,
        "last_recv_from": 1595186841.2164876,
        "type": "temp",
        "neighbors_list": []
      },
      {
        "address": [
          "",
          8002
        ],
        "last_sent_to": 1595186847.2843306,
        "last_recv_from": 1595186841.2164912,
        "type": "temp",
        "neighbors_list": []
      },
      {
        "address": [
          "",
          8003
        ],
        "last_sent_to": 1595186847.2851002,
        "last_recv_from": 1595186841.2164955,
        "type": "temp",
        "neighbors_list": []
      },
      {
        "address": [
          "",
          8005
        ],
        "last_sent_to": 1595186847.288502,
        "last_recv_from": 1595186847.3476818,
        "type": "tempuni",
        "neighbors_list": [
          [
            [
              "",
              8001
            ],
            "uni"
          ],
          [
            [
              "",
              8003
            ],
            "bi"
          ]
        ]
      }
    ]
  }
]