[
  [
    "",
    8005
  ],
  {
    "time": 1595186841.2865422,
    "procedure": "SEARCH",
    "address": [
      "",
      8003
    ],
    "neighbors": [
      {
        "address": [
          "",
          8000
        ],
        "last_sent_to": 1595186841.224414,
        "last_recv_from": 1595186841.224415,
        "type": null,
        "neighbors_list": []
      },
      {
        "address": [
          "",
          8001
        ],
        "last_sent_to": 1595186841.2244265,
        "last_recv_from": 1595186841.2244267,
        "type": null,
        "neighbors_list": []
      },
      {
        "address": [
          "",
          8002
        ],
        "last_sent_to": 1595186841.2244313,
        "last_recv_from": 1595186841.2244315,
        "type": null,
        "neighbors_list": []
      },
      {
        "address": [
          "",
          8003
        ],
        "last_sent_to": 1595186841.2244356,
        "last_recv_from": 1595186841.2244358,
        "type": "temp",
        "neighbors_list": []
      },
      {
        "address": [
          "",
          8004
        ],
        "last_sent_to": 1595186841.2244396,
        "last_recv_from": 1595186841.2244396,
        "type": null,
        "neighbors_list": []
      }
    ]
  },
  {
    "time": 1595186843.2330253,
    "procedure": "RCV",
    "address": [
      "",
      8001
    ],
    "neighbors": [
      {
        "address": [
          "",
          8000
        ],
        "last_sent_to": 1595186841.224414,
        "last_recv_from": 1595186841.224415,
        "type": null,
        "neighbors_list": []
      },
      {
        "address": [
          "",
          8001
        ],
        "last_sent_to": 1595186841.2244265,
        "last_recv_from": 1595186841.2244267,
        "type": null,
        "neighbors_list": []
      },
      {
        "address": [
          "",
          8002
        ],
        "last_sent_to": 1595186841.2244313,
        "last_recv_from": 1595186841.2244315,
        "type": null,
        "neighbors_list": []
      },
      {
        "address": [
          "",
          8003
        ],
        "last_sent_to": 1595186841.2244356,
        "last_recv_from": 1595186841.2244358,
        "type": "temp",
        "neighbors_list": []
      },
      {
        "address": [
          "",
          8004
        ],
        "last_sent_to": 1595186841.2244396,
        "last_recv_from": 1595186841.2244396,
        "type": null,
        "neighbors_list": []
      }
    ]
  },
  {
    "time": 1595186843.2331948,
    "procedure": "UPDATE",
    "address": [
      "",
      8001
    ],
    "neighbors": [
      {
        "address": [
          "",
          8000
        ],
        "last_sent_to": 1595186841.224414,
        "last_recv_from": 1595186841.224415,
        "type": null,
        "neighbors_list": []
      },
      {
        "address": [
          "",
          8001
        ],
        "last_sent_to": 1595186841.2244265,
        "last_recv_from": 1595186843.233192,
        "type": "uni",
        "neighbors_list": []
      },
      {
        "address": [
          "",
          8002
        ],
        "last_sent_to": 1595186841.2244313,
        "last_recv_from": 1595186841.2244315,
        "type": null,
        "neighbors_list": []
      },
      {
        "address": [
          "",
          8003
        ],
        "last_sent_to": 1595186841.2244356,
        "last_recv_from": 1595186841.2244358,
        "type": "temp",
        "neighbors_list": []
      },
      {
        "address": [
          "",
          8004
        ],
        "last_sent_to": 1595186841.2244396,
        "last_recv_from": 1595186841.2244396,
        "type": null,
        "neighbors_list": []
      }
    ]
  },
  {
    "time": 1595186843.2421315,
    "procedure": "RCV",
    "address": [
      "",
      8003
    ],
    "neighbors": [
      {
        "address": [
          "",
          8000
        ],
        "last_sent_to": 1595186841.224414,
        "last_recv_from": 1595186841.224415,
        "type": null,
        "neighbors_list": []
      },
      {
        "address": [
          "",
          8001
        ],
        "last_sent_to": 1595186841.2244265,
        "last_recv_from": 1595186843.233192,
        "type": "uni",
        "neighbors_list": []
      },
      {
        "address": [
          "",
          8002
        ],
        "last_sent_to": 1595186841.2244313,
        "last_recv_from": 1595186841.2244315,
        "type": null,
        "neighbors_list": []
      },
      {
        "address": [
          "",
          8003
        ],
        "last_sent_to": 1595186841.2244356,
        "last_recv_from": 1595186841.2244358,
        "type": "temp",
        "neighbors_list": []
      },
      {
        "address": [
          "",
          8004
        ],
        "last_sent_to": 1595186841.2244396,
        "last_recv_from": 1595186841.2244396,
        "type": null,
        "neighbors_list": []
      }
    ]
  },
  {
    "time": 1595186843.2424521,
    "procedure": "UPDATE",
    "address": [
      "",
      8003
    ],
    "neighbors": [
      {
        "address": [
          "",
          8000
        ],
        "last_sent_to": 1595186841.224414,
        "last_recv_from": 1595186841.224415,
        "type": null,
        "neighbors_list": []
      },
      {
        "address": [
          "",
          8001
        ],
        "last_sent_to": 1595186841.2244265,
        "last_recv_from": 1595186843.233192,
        "type": "uni",
        "neighbors_list": []
      },
      {
        "address": [
          "",
          8002
        ],
        "last_sent_to": 1595186841.2244313,
        "last_recv_from": 1595186841.2244315,
        "type": null,
        "neighbors_list": []
      },
      {
        "address": [
          "",
          8003
        ],
        "last_sent_to": 1595186841.2244356,
        "last_recv_from": 1595186843.2424452,
        "type": "tempuni",
        "neighbors_list": [
          [
            [
              "",
              8001
            ],
            "uni"
          ]
        ]
      },
      {
        "address": [
          "",
          8004
        ],
        "last_sent_to": 1595186841.2244396,
        "last_recv_from": 1595186841.2244396,
        "type": null,
        "neighbors_list": []
      }
    ]
  },
  {
    "time": 1595186843.2990873,
    "procedure": "SEARCH",
    "address": [
      "",
      8004
    ],
    "neighbors": [
      {
        "address": [
          "",
          8000
        ],
        "last_sent_to": 1595186841.224414,
        "last_recv_from": 1595186841.224415,
        "type": null,
        "neighbors_list": []
      },
      {
        "address": [
          "",
          8001
        ],
        "last_sent_to": 1595186841.2244265,
        "last_recv_from": 1595186843.233192,
        "type": "uni",
        "neighbors_list": []
      },
      {
        "address": [
          "",
          8002
        ],
        "last_sent_to": 1595186841.2244313,
        "last_recv_from": 1595186841.2244315,
        "type": null,
        "neighbors_list": []
      },
      {
        "address": [
          "",
          8003
        ],
        "last_sent_to": 1595186841.2244356,
        "last_recv_from": 1595186843.2424452,
        "type": "tempuni",
        "neighbors_list": [
          [
            [
              "",
              8001
            ],
            "uni"
          ]
        ]
      },
      {
        "address": [
          "",
          8004
        ],
        "last_sent_to": 1595186841.2244396,
        "last_recv_from": 1595186841.2244396,
        "type": "temp",
        "neighbors_list": []
      }
    ]
  },
  {
    "time": 1595186843.3090694,
    "procedure": "SEND",
    "address": [
      "",
      8003
    ],
    "neighbors": [
      {
        "address": [
          "",
          8000
        ],
        "last_sent_to": 1595186841.224414,
        "last_recv_from": 1595186841.224415,
        "type": null,
        "neighbors_list": []
      },
      {
        "address": [
          "",
          8001
        ],
        "last_sent_to": 1595186841.2244265,
        "last_recv_from": 1595186843.233192,
        "type": "uni",
        "neighbors_list": []
      },
      {
        "address": [
          "",
          8002
        ],
        "last_sent_to": 1595186841.2244313,
        "last_recv_from": 1595186841.2244315,
        "type": null,
        "neighbors_list": []
      },
      {
        "address": [
          "",
          8003
        ],
        "last_sent_to": 1595186843.309067,
        "last_recv_from": 1595186843.2424452,
        "type": "tempuni",
        "neighbors_list": [
          [
            [
              "",
              8001
            ],
            "uni"
          ]
        ]
      },
      {
        "address": [
          "",
          8004
        ],
        "last_sent_to": 1595186841.2244396,
        "last_recv_from": 1595186841.2244396,
        "type": "temp",
        "neighbors_list": []
      }
    ]
  },
  {
    "time": 1595186843.3146353,
    "procedure": "SEND",
    "address": [
      "",
      8004
    ],
    "neighbors": [
      {
        "address": [
          "",
          8000
        ],
        "last_sent_to": 1595186841.224414,
        "last_recv_from": 1595186841.224415,
        "type": null,
        "neighbors_list": []
      },
      {
        "address": [
          "",
          8001
        ],
        "last_sent_to": 1595186841.2244265,
        "last_recv_from": 1595186843.233192,
        "type": "uni",
        "neighbors_list": []
      },
      {
        "address": [
          "",
          8002
        ],
        "last_sent_to": 1595186841.2244313,
        "last_recv_from": 1595186841.2244315,
        "type": null,
        "neighbors_list": []
      },
      {
        "address": [
          "",
          8003
        ],
        "last_sent_to": 1595186843.309067,
        "last_recv_from": 1595186843.2424452,
        "type": "tempuni",
        "neighbors_list": [
          [
            [
              "",
              8001
            ],
            "uni"
          ]
        ]
      },
      {
        "address": [
          "",
          8004
        ],
        "last_sent_to": 1595186843.3146296,
        "last_recv_from": 1595186841.2244396,
        "type": "temp",
        "neighbors_list": []
      }
    ]
  },
  {
    "time": 1595186844.3053575,
    "procedure": "SEARCH",
    "address": [
      "",
      8002
    ],
    "neighbors": [
      {
        "address": [
          "",
          8000
        ],
        "last_sent_to": 1595186841.224414,
        "last_recv_from": 1595186841.224415,
        "type": null,
        "neighbors_list": []
      },
      {
        "address": [
          "",
          8001
        ],
        "last_sent_to": 1595186841.2244265,
        "last_recv_from": 1595186843.233192,
        "type": "uni",
        "neighbors_list": []
      },
      {
        "address": [
          "",
          8002
        ],
        "last_sent_to": 1595186841.2244313,
        "last_recv_from": 1595186841.2244315,
        "type": "temp",
        "neighbors_list": []
      },
      {
        "address": [
          "",
          8003
        ],
        "last_sent_to": 1595186843.309067,
        "last_recv_from": 1595186843.2424452,
        "type": "uni",
        "neighbors_list": [
          [
            [
              "",
              8001
            ],
            "uni"
          ]
        ]
      },
      {
        "address": [
          "",
          8004
        ],
        "last_sent_to": 1595186843.3146296,
        "last_recv_from": 1595186841.2244396,
        "type": "temp",
        "neighbors_list": []
      }
    ]
  },
  {
    "time": 1595186845.279007,
    "procedure": "RCV",
    "address": [
      "",
      8003
    ],
    "neighbors": [
      {
        "address": [
          "",
          8000
        ],
        "last_sent_to": 1595186841.224414,
        "last_recv_from": 1595186841.224415,
        "type": null,
        "neighbors_list": []
      },
      {
        "address": [
          "",
          8001
        ],
        "last_sent_to": 1595186841.2244265,
        "last_recv_from": 1595186843.233192,
        "type": "uni",
        "neighbors_list": []
      },
      {
        "address": [
          "",
          8002
        ],
        "last_sent_to": 1595186841.2244313,
        "last_recv_from": 1595186841.2244315,
        "type": "temp",
        "neighbors_list": []
      },
      {
        "address": [
          "",
          8003
        ],
        "last_sent_to": 1595186843.309067,
        "last_recv_from": 1595186843.2424452,
        "type": "uni",
        "neighbors_list": [
          [
            [
              "",
              8001
            ],
            "uni"
          ]
        ]
      },
      {
        "address": [
          "",
          8004
        ],
        "last_sent_to": 1595186843.3146296,
        "last_recv_from": 1595186841.2244396,
        "type": "temp",
        "neighbors_list": []
      }
    ]
  },
  {
    "time": 1595186845.2791595,
    "procedure": "UPDATE",
    "address": [
      "",
      8003
    ],
    "neighbors": [
      {
        "address": [
          "",
          8000
        ],
        "last_sent_to": 1595186841.224414,
        "last_recv_from": 1595186841.224415,
        "type": null,
        "neighbors_list": []
      },
      {
        "address": [
          "",
          8001
        ],
        "last_sent_to": 1595186841.2244265,
        "last_recv_from": 1595186843.233192,
        "type": "uni",
        "neighbors_list": []
      },
      {
        "address": [
          "",
          8002
        ],
        "last_sent_to": 1595186841.2244313,
        "last_recv_from": 1595186841.2244315,
        "type": "temp",
        "neighbors_list": []
      },
      {
        "address": [
          "",
          8003
        ],
        "last_sent_to": 1595186843.309067,
        "last_recv_from": 1595186845.2791536,
        "type": "bi",
        "neighbors_list": [
          [
            [
              "",
              8004
            ],
            "uni"
          ],
          [
            [
              "",
              8005
            ],
            "bi"
          ]
        ]
      },
      {
        "address": [
          "",
          8004
        ],
        "last_sent_to": 1595186843.3146296,
        "last_recv_from": 1595186841.2244396,
        "type": "temp",
        "neighbors_list": []
      }
    ]
  },
  {
    "time": 1595186845.2793546,
    "procedure": "RCV",
    "address": [
      "",
      8001
    ],
    "neighbors": [
      {
        "address": [
          "",
          8000
        ],
        "last_sent_to": 1595186841.224414,
        "last_recv_from": 1595186841.224415,
        "type": null,
        "neighbors_list": []
      },
      {
        "address": [
          "",
          8001
        ],
        "last_sent_to": 1595186841.2244265,
        "last_recv_from": 1595186843.233192,
        "type": "uni",
        "neighbors_list": []
      },
      {
        "address": [
          "",
          8002
        ],
        "last_sent_to": 1595186841.2244313,
        "last_recv_from": 1595186841.2244315,
        "type": "temp",
        "neighbors_list": []
      },
      {
        "address": [
          "",
          8003
        ],
        "last_sent_to": 1595186843.309067,
        "last_recv_from": 1595186845.2791536,
        "type": "bi",
        "neighbors_list": [
          [
            [
              "",
              8004
            ],
            "uni"
          ],
          [
            [
              "",
              8005
            ],
            "bi"
          ]
        ]
      },
      {
        "address": [
          "",
          8004
        ],
        "last_sent_to": 1595186843.3146296,
        "last_recv_from": 1595186841.2244396,
        "type": "temp",
        "neighbors_list": []
      }
    ]
  },
  {
    "time": 1595186845.279503,
    "procedure": "UPDATE",
    "address": [
      "",
      8001
    ],
    "neighbors": [
      {
        "address": [
          "",
          8000
        ],
        "last_sent_to": 1595186841.224414,
        "last_recv_from": 1595186841.224415,
        "type": null,
        "neighbors_list": []
      },
      {
        "address": [
          "",
          8001
        ],
        "last_sent_to": 1595186841.2244265,
        "last_recv_from": 1595186845.2795,
        "type": "uni",
        "neighbors_list": [
          [
            [
              "",
              8004
            ],
            "uni"
          ]
        ]
      },
      {
        "address": [
          "",
          8002
        ],
        "last_sent_to": 1595186841.2244313,
        "last_recv_from": 1595186841.2244315,
        "type": "temp",
        "neighbors_list": []
      },
      {
        "address": [
          "",
          8003
        ],
        "last_sent_to": 1595186843.309067,
        "last_recv_from": 1595186845.2791536,
        "type": "bi",
        "neighbors_list": [
          [
            [
              "",
              8004
            ],
            "uni"
          ],
          [
            [
              "",
              8005
            ],
            "bi"
          ]
        ]
      },
      {
        "address": [
          "",
          8004
        ],
        "last_sent_to": 1595186843.3146296,
        "last_recv_from": 1595186841.2244396,
        "type": "temp",
        "neighbors_list": []
      }
    ]
  },
  {
    "time": 1595186845.2829058,
    "procedure": "RCV",
    "address": [
      "",
      8002
    ],
    "neighbors": [
      {
        "address": [
          "",
          8000
        ],
        "last_sent_to": 1595186841.224414,
        "last_recv_from": 1595186841.224415,
        "type": null,
        "neighbors_list": []
      },
      {
        "address": [
          "",
          8001
        ],
        "last_sent_to": 1595186841.2244265,
        "last_recv_from": 1595186845.2795,
        "type": "uni",
        "neighbors_list": [
          [
            [
              "",
              8004
            ],
            "uni"
          ]
        ]
      },
      {
        "address": [
          "",
          8002
        ],
        "last_sent_to": 1595186841.2244313,
        "last_recv_from": 1595186841.2244315,
        "type": "temp",
        "neighbors_list": []
      },
      {
        "address": [
          "",
          8003
        ],
        "last_sent_to": 1595186843.309067,
        "last_recv_from": 1595186845.2791536,
        "type": "bi",
        "neighbors_list": [
          [
            [
              "",
              8004
            ],
            "uni"
          ],
          [
            [
              "",
              8005
            ],
            "bi"
          ]
        ]
      },
      {
        "address": [
          "",
          8004
        ],
        "last_sent_to": 1595186843.3146296,
        "last_recv_from": 1595186841.2244396,
        "type": "temp",
        "neighbors_list": []
      }
    ]
  },
  {
    "time": 1595186845.283328,
    "procedure": "UPDATE",
    "address": [
      "",
      8002
    ],
    "neighbors": [
      {
        "address": [
          "",
          8000
        ],
        "last_sent_to": 1595186841.224414,
        "last_recv_from": 1595186841.224415,
        "type": null,
        "neighbors_list": []
      },
      {
        "address": [
          "",
          8001
        ],
        "last_sent_to": 1595186841.2244265,
        "last_recv_from": 1595186845.2795,
        "type": "uni",
        "neighbors_list": [
          [
            [
              "",
              8004
            ],
            "uni"
          ]
        ]
      },
      {
        "address": [
          "",
          8002
        ],
        "last_sent_to": 1595186841.2244313,
        "last_recv_from": 1595186845.2833211,
        "type": "tempuni",
        "neighbors_list": [
          [
            [
              "",
              8001
            ],
            "tempuni"
          ]
        ]
      },
      {
        "address": [
          "",
          8003
        ],
        "last_sent_to": 1595186843.309067,
        "last_recv_from": 1595186845.2791536,
        "type": "bi",
        "neighbors_list": [
          [
            [
              "",
              8004
            ],
            "uni"
          ],
          [
            [
              "",
              8005
            ],
            "bi"
          ]
        ]
      },
      {
        "address": [
          "",
          8004
        ],
        "last_sent_to": 1595186843.3146296,
        "last_recv_from": 1595186841.2244396,
        "type": "temp",
        "neighbors_list": []
      }
    ]
  },
  {
    "time": 1595186845.3118508,
    "procedure": "SEARCH",
    "address": [
      "",
      8002
    ],
    "neighbors": [
      {
        "address": [
          "",
          8000
        ],
        "last_sent_to": 1595186841.224414,
        "last_recv_from": 1595186841.224415,
        "type": null,
        "neighbors_list": []
      },
      {
        "address": [
          "",
          8001
        ],
        "last_sent_to": 1595186841.2244265,
        "last_recv_from": 1595186845.2795,
        "type": "uni",
        "neighbors_list": [
          [
            [
              "",
              8004
            ],
            "uni"
          ]
        ]
      },
      {
        "address": [
          "",
          8002
        ],
        "last_sent_to": 1595186841.2244313,
        "last_recv_from": 1595186845.2833211,
        "type": "temp",
        "neighbors_list": [
          [
            [
              "",
              8001
            ],
            "tempuni"
          ]
        ]
      },
      {
        "address": [
          "",
          8003
        ],
        "last_sent_to": 1595186843.309067,
        "last_recv_from": 1595186845.2791536,
        "type": "bi",
        "neighbors_list": [
          [
            [
              "",
              8004
            ],
            "uni"
          ],
          [
            [
              "",
              8005
            ],
            "bi"
          ]
        ]
      },
      {
        "address": [
          "",
          8004
        ],
        "last_sent_to": 1595186843.3146296,
        "last_recv_from": 1595186841.2244396,
        "type": "temp",
        "neighbors_list": []
      }
    ]
  },
  {
    "time": 1595186845.3324223,
    "procedure": "SEND",
    "address": [
      "",
      8002
    ],
    "neighbors": [
      {
        "address": [
          "",
          8000
        ],
        "last_sent_to": 1595186841.224414,
        "last_recv_from": 1595186841.224415,
        "type": null,
        "neighbors_list": []
      },
      {
        "address": [
          "",
          8001
        ],
        "last_sent_to": 1595186841.2244265,
        "last_recv_from": 1595186845.2795,
        "type": "uni",
        "neighbors_list": [
          [
            [
              "",
              8004
            ],
            "uni"
          ]
        ]
      },
      {
        "address": [
          "",
          8002
        ],
        "last_sent_to": 1595186845.3324192,
        "last_recv_from": 1595186845.2833211,
        "type": "temp",
        "neighbors_list": [
          [
            [
              "",
              8001
            ],
            "tempuni"
          ]
        ]
      },
      {
        "address": [
          "",
          8003
        ],
        "last_sent_to": 1595186843.309067,
        "last_recv_from": 1595186845.2791536,
        "type": "bi",
        "neighbors_list": [
          [
            [
              "",
              8004
            ],
            "uni"
          ],
          [
            [
              "",
              8005
            ],
            "bi"
          ]
        ]
      },
      {
        "address": [
          "",
          8004
        ],
        "last_sent_to": 1595186843.3146296,
        "last_recv_from": 1595186841.2244396,
        "type": "temp",
        "neighbors_list": []
      }
    ]
  },
  {
    "time": 1595186845.3381565,
    "procedure": "SEND",
    "address": [
      "",
      8003
    ],
    "neighbors": [
      {
        "address": [
          "",
          8000
        ],
        "last_sent_to": 1595186841.224414,
        "last_recv_from": 1595186841.224415,
        "type": null,
        "neighbors_list": []
      },
      {
        "address": [
          "",
          8001
        ],
        "last_sent_to": 1595186841.2244265,
        "last_recv_from": 1595186845.2795,
        "type": "uni",
        "neighbors_list": [
          [
            [
              "",
              8004
            ],
            "uni"
          ]
        ]
      },
      {
        "address": [
          "",
          8002
        ],
        "last_sent_to": 1595186845.3324192,
        "last_recv_from": 1595186845.2833211,
        "type": "temp",
        "neighbors_list": [
          [
            [
              "",
              8001
            ],
            "tempuni"
          ]
        ]
      },
      {
        "address": [
          "",
          8003
        ],
        "last_sent_to": 1595186845.3381505,
        "last_recv_from": 1595186845.2791536,
        "type": "bi",
        "neighbors_list": [
          [
            [
              "",
              8004
            ],
            "uni"
          ],
          [
            [
              "",
              8005
            ],
            "bi"
          ]
        ]
      },
      {
        "address": [
          "",
          8004
        ],
        "last_sent_to": 1595186843.3146296,
        "last_recv_from": 1595186841.2244396,
        "type": "temp",
        "neighbors_list": []
      }
    ]
  },
  {
    "time": 1595186845.3387175,
    "procedure": "SEND",
    "address": [
      "",
      8004
    ],
    "neighbors": [
      {
        "address": [
          "",
          8000
        ],
        "last_sent_to": 1595186841.224414,
        "last_recv_from": 1595186841.224415,
        "type": null,
        "neighbors_list": []
      },
      {
        "address": [
          "",
          8001
        ],
        "last_sent_to": 1595186841.2244265,
        "last_recv_from": 1595186845.2795,
        "type": "uni",
        "neighbors_list": [
          [
            [
              "",
              8004
            ],
            "uni"
          ]
        ]
      },
      {
        "address": [
          "",
          8002
        ],
        "last_sent_to": 1595186845.3324192,
        "last_recv_from": 1595186845.2833211,
        "type": "temp",
        "neighbors_list": [
          [
            [
              "",
              8001
            ],
            "tempuni"
          ]
        ]
      },
      {
        "address": [
          "",
          8003
        ],
        "last_sent_to": 1595186845.3381505,
        "last_recv_from": 1595186845.2791536,
        "type": "bi",
        "neighbors_list": [
          [
            [
              "",
              8004
            ],
            "uni"
          ],
          [
            [
              "",
              8005
            ],
            "bi"
          ]
        ]
      },
      {
        "address": [
          "",
          8004
        ],
        "last_sent_to": 1595186845.3387134,
        "last_recv_from": 1595186841.2244396,
        "type": "temp",
        "neighbors_list": []
      }
    ]
  },
  {
    "time": 1595186846.3173733,
    "procedure": "SEARCH",
    "address": [
      "",
      8000
    ],
    "neighbors": [
      {
        "address": [
          "",
          8000
        ],
        "last_sent_to": 1595186841.224414,
        "last_recv_from": 1595186841.224415,
        "type": "temp",
        "neighbors_list": []
      },
      {
        "address": [
          "",
          8001
        ],
        "last_sent_to": 1595186841.2244265,
        "last_recv_from": 1595186845.2795,
        "type": "uni",
        "neighbors_list": [
          [
            [
              "",
              8004
            ],
            "uni"
          ]
        ]
      },
      {
        "address": [
          "",
          8002
        ],
        "last_sent_to": 1595186845.3324192,
        "last_recv_from": 1595186845.2833211,
        "type": "temp",
        "neighbors_list": [
          [
            [
              "",
              8001
            ],
            "tempuni"
          ]
        ]
      },
      {
        "address": [
          "",
          8003
        ],
        "last_sent_to": 1595186845.3381505,
        "last_recv_from": 1595186845.2791536,
        "type": "bi",
        "neighbors_list": [
          [
            [
              "",
              8004
            ],
            "uni"
          ],
          [
            [
              "",
              8005
            ],
            "bi"
          ]
        ]
      },
      {
        "address": [
          "",
          8004
        ],
        "last_sent_to": 1595186845.3387134,
        "last_recv_from": 1595186841.2244396,
        "type": "temp",
        "neighbors_list": []
      }
    ]
  },
  {
    "time": 1595186847.238419,
    "procedure": "PcktLoss",
    "address": [
      "",
      8000
    ],
    "neighbors": [
      {
        "address": [
          "",
          8000
        ],
        "last_sent_to": 1595186841.224414,
        "last_recv_from": 1595186841.224415,
        "type": "temp",
        "neighbors_list": []
      },
      {
        "address": [
          "",
          8001
        ],
        "last_sent_to": 1595186841.2244265,
        "last_recv_from": 1595186845.2795,
        "type": "uni",
        "neighbors_list": [
          [
            [
              "",
              8004
            ],
            "uni"
          ]
        ]
      },
      {
        "address": [
          "",
          8002
        ],
        "last_sent_to": 1595186845.3324192,
        "last_recv_from": 1595186845.2833211,
        "type": "temp",
        "neighbors_list": [
          [
            [
              "",
              8001
            ],
            "tempuni"
          ]
        ]
      },
      {
        "address": [
          "",
          8003
        ],
        "last_sent_to": 1595186845.3381505,
        "last_recv_from": 1595186845.2791536,
        "type": "bi",
        "neighbors_list": [
          [
            [
              "",
              8004
            ],
            "uni"
          ],
          [
            [
              "",
              8005
            ],
            "bi"
          ]
        ]
      },
      {
        "address": [
          "",
          8004
        ],
        "last_sent_to": 1595186845.3387134,
        "last_recv_from": 1595186841.2244396,
        "type": "temp",
        "neighbors_list": []
      }
    ]
  },
  {
    "time": 1595186847.3463426,
    "procedure": "SEND",
    "address": [
      "",
      8000
    ],
    "neighbors": [
      {
        "address": [
          "",
          8000
        ],
        "last_sent_to": 1595186847.3463392,
        "last_recv_from": 1595186841.224415,
        "type": "temp",
        "neighbors_list": []
      },
      {
        "address": [
          "",
          8001
        ],
        "last_sent_to": 1595186841.2244265,
        "last_recv_from": 1595186845.2795,
        "type": "uni",
        "neighbors_list": [
          [
            [
              "",
              8004
            ],
            "uni"
          ]
        ]
      },
      {
        "address": [
          "",
          8002
        ],
        "last_sent_to": 1595186845.3324192,
        "last_recv_from": 1595186845.2833211,
        "type": "temp",
        "neighbors_list": [
          [
            [
              "",
              8001
            ],
            "tempuni"
          ]
        ]
      },
      {
        "address": [
          "",
          8003
        ],
        "last_sent_to": 1595186845.3381505,
        "last_recv_from": 1595186845.2791536,
        "type": "bi",
        "neighbors_list": [
          [
            [
              "",
              8004
            ],
            "uni"
          ],
          [
            [
              "",
              8005
            ],
            "bi"
          ]
        ]
      },
      {
        "address": [
          "",
          8004
        ],
        "last_sent_to": 1595186845.3387134,
        "last_recv_from": 1595186841.2244396,
        "type": "temp",
        "neighbors_list": []
      }
    ]
  },
  {
    "time": 1595186847.3466942,
    "procedure": "SEND",
    "address": [
      "",
      8002
    ],
    "neighbors": [
      {
        "address": [
          "",
          8000
        ],
        "last_sent_to": 1595186847.3463392,
        "last_recv_from": 1595186841.224415,
        "type": "temp",
        "neighbors_list": []
      },
      {
        "address": [
          "",
          8001
        ],
        "last_sent_to": 1595186841.2244265,
        "last_recv_from": 1595186845.2795,
        "type": "uni",
        "neighbors_list": [
          [
            [
              "",
              8004
            ],
            "uni"
          ]
        ]
      },
      {
        "address": [
          "",
          8002
        ],
        "last_sent_to": 1595186847.346692,
        "last_recv_from": 1595186845.2833211,
        "type": "temp",
        "neighbors_list": [
          [
            [
              "",
              8001
            ],
            "tempuni"
          ]
        ]
      },
      {
        "address": [
          "",
          8003
        ],
        "last_sent_to": 1595186845.3381505,
        "last_recv_from": 1595186845.2791536,
        "type": "bi",
        "neighbors_list": [
          [
            [
              "",
              8004
            ],
            "uni"
          ],
          [
            [
              "",
              8005
            ],
            "bi"
          ]
        ]
      },
      {
        "address": [
          "",
          8004
        ],
        "last_sent_to": 1595186845.3387134,
        "last_recv_from": 1595186841.2244396,
        "type": "temp",
        "neighbors_list": []
      }
    ]
  },
  {
    "time": 1595186847.3469083,
    "procedure": "SEND",
    "address": [
      "",
      8003
    ],
    "neighbors": [
      {
        "address": [
          "",
          8000
        ],
        "last_sent_to": 1595186847.3463392,
        "last_recv_from": 1595186841.224415,
        "type": "temp",
        "neighbors_list": []
      },
      {
        "address": [
          "",
          8001
        ],
        "last_sent_to": 1595186841.2244265,
        "last_recv_from": 1595186845.2795,
        "type": "uni",
        "neighbors_list": [
          [
            [
              "",
              8004
            ],
            "uni"
          ]
        ]
      },
      {
        "address": [
          "",
          8002
        ],
        "last_sent_to": 1595186847.346692,
        "last_recv_from": 1595186845.2833211,
        "type": "temp",
        "neighbors_list": [
          [
            [
              "",
              8001
            ],
            "tempuni"
          ]
        ]
      },
      {
        "address": [
          "",
          8003
        ],
        "last_sent_to": 1595186847.346907,
        "last_recv_from": 1595186845.2791536,
        "type": "bi",
        "neighbors_list": [
          [
            [
              "",
              8004
            ],
            "uni"
          ],
          [
            [
              "",
              8005
            ],
            "bi"
          ]
        ]
      },
      {
        "address": [
          "",
          8004
        ],
        "last_sent_to": 1595186845.3387134,
        "last_recv_from": 1595186841.2244396,
        "type": "temp",
        "neighbors_list": []
      }
    ]
  },
  {
    "time": 1595186847.347129,
    "procedure": "SEND",
    "address": [
      "",
      8004
    ],
    "neighbors": [
      {
        "address": [
          "",
          8000
        ],
        "last_sent_to": 1595186847.3463392,
        "last_recv_from": 1595186841.224415,
        "type": "temp",
        "neighbors_list": []
      },
      {
        "address": [
          "",
          8001
        ],
        "last_sent_to": 1595186841.2244265,
        "last_recv_from": 1595186845.2795,
        "type": "uni",
        "neighbors_list": [
          [
            [
              "",
              8004
            ],
            "uni"
          ]
        ]
      },
      {
        "address": [
          "",
          8002
        ],
        "last_sent_to": 1595186847.346692,
        "last_recv_from": 1595186845.2833211,
        "type": "temp",
        "neighbors_list": [
          [
            [
              "",
              8001
            ],
            "tempuni"
          ]
        ]
      },
      {
        "address": [
          "",
          8003
        ],
        "last_sent_to": 1595186847.346907,
        "last_recv_from": 1595186845.2791536,
        "type": "bi",
        "neighbors_list": [
          [
            [
              "",
              8004
            ],
            "uni"
          ],
          [
            [
              "",
              8005
            ],
            "bi"
          ]
        ]
      },
      {
        "address": [
          "",
          8004
        ],
        "last_sent_to": 1595186847.3471274,
        "last_recv_from": 1595186841.2244396,
        "type": "temp",
        "neighbors_list": []
      }
    ]
  }
]