{
  "address": [
    "",
    8000
  ],
  "neighbor_access_time": {
    "8000": 0.0,
    "8001": 0.0,
    "8002": 0.0,
    "8003": 0.0,
    "8004": 0.0,
    "8005": 0.0
  }
}{
  "address": [
    "",
    8001
  ],
  "neighbor_access_time": {
    "8000": 0.0,
    "8001": 0.0,
    "8002": 0.3332889477411906,
    "8003": 0.0,
    "8004": 0.0,
    "8005": 0.0
  }
}{
  "address": [
    "",
    8002
  ],
  "neighbor_access_time": {
    "8000": 0.0,
    "8001": 0.0,
    "8002": 0.0,
    "8003": 0.0,
    "8004": 0.0,
    "8005": 0.0
  }
}{
  "address": [
    "",
    8003
  ],
  "neighbor_access_time": {
    "8000": 0.0,
    "8001": 0.0,
    "8002": 0.0,
    "8003": 0.0,
    "8004": 0.0,
    "8005": 0.6594762007395426
  }
}{
  "address": [
    "",
    8004
  ],
  "neighbor_access_time": {
    "8000": 0.0,
    "8001": 0.0,
    "8002": 0.0,
    "8003": 0.0,
    "8004": 0.0,
    "8005": 0.0
  }
}{
  "address": [
    "",
    8005
  ],
  "neighbor_access_time": {
    "8000": 0.0,
    "8001": 0.0,
    "8002": 0.0,
    "8003": 0.3446615934371948,
    "8004": 0.0,
    "8005": 0.0
  }
}