{
  "address_self": [
    "",
    8000
  ],
  "neighbors": {
    "address": [
      "",
      8001
    ],
    "last_sent_to": 1595186847.2346354,
    "last_recv_from": 1595186847.2810788,
    "type": "bi"
  }
}{
  "address_self": [
    "",
    8001
  ],
  "neighbors": {
    "address": [
      "",
      8002
    ],
    "last_sent_to": 1595186847.2793138,
    "last_recv_from": 1595186845.2824252,
    "type": "bi"
  }
}{
  "address_self": [
    "",
    8002
  ],
  "neighbors": {}
}{
  "address_self": [
    "",
    8003
  ],
  "neighbors": {
    "address": [
      "",
      8005
    ],
    "last_sent_to": 1595186847.2723143,
    "last_recv_from": 1595186845.3461647,
    "type": "bi"
  }
}{
  "address_self": [
    "",
    8004
  ],
  "neighbors": {}
}{
  "address_self": [
    "",
    8005
  ],
  "neighbors": {
    "address": [
      "",
      8003
    ],
    "last_sent_to": 1595186847.346907,
    "last_recv_from": 1595186845.2791536,
    "type": "bi"
  }
}