{
  "address": [
    "",
    8000
  ],
  "neighbor_addresses": [
    [
      "",
      8000
    ],
    [
      "",
      8001
    ],
    [
      "",
      8002
    ],
    [
      "",
      8003
    ],
    [
      "",
      8004
    ],
    [
      "",
      8005
    ]
  ],
  "rcv_pack": [
    0,
    2,
    2,
    0,
    1,
    0
  ],
  "send_pack": [
    0,
    3,
    0,
    2,
    0,
    1
  ]
}{
  "address": [
    "",
    8001
  ],
  "neighbor_addresses": [
    [
      "",
      8000
    ],
    [
      "",
      8001
    ],
    [
      "",
      8002
    ],
    [
      "",
      8003
    ],
    [
      "",
      8004
    ],
    [
      "",
      8005
    ]
  ],
  "rcv_pack": [
    3,
    0,
    1,
    1,
    2,
    0
  ],
  "send_pack": [
    2,
    0,
    2,
    2,
    0,
    3
  ]
}{
  "address": [
    "",
    8002
  ],
  "neighbor_addresses": [
    [
      "",
      8000
    ],
    [
      "",
      8001
    ],
    [
      "",
      8002
    ],
    [
      "",
      8003
    ],
    [
      "",
      8004
    ],
    [
      "",
      8005
    ]
  ],
  "rcv_pack": [
    0,
    1,
    0,
    2,
    1,
    1
  ],
  "send_pack": [
    3,
    2,
    0,
    1,
    0,
    1
  ]
}{
  "address": [
    "",
    8003
  ],
  "neighbor_addresses": [
    [
      "",
      8000
    ],
    [
      "",
      8001
    ],
    [
      "",
      8002
    ],
    [
      "",
      8003
    ],
    [
      "",
      8004
    ],
    [
      "",
      8005
    ]
  ],
  "rcv_pack": [
    2,
    2,
    0,
    0,
    2,
    2
  ],
  "send_pack": [
    0,
    1,
    2,
    0,
    0,
    3
  ]
}{
  "address": [
    "",
    8004
  ],
  "neighbor_addresses": [
    [
      "",
      8000
    ],
    [
      "",
      8001
    ],
    [
      "",
      8002
    ],
    [
      "",
      8003
    ],
    [
      "",
      8004
    ],
    [
      "",
      8005
    ]
  ],
  "rcv_pack": [
    0,
    0,
    0,
    0,
    0,
    3
  ],
  "send_pack": [
    2,
    3,
    2,
    3,
    0,
    1
  ]
}{
  "address": [
    "",
    8005
  ],
  "neighbor_addresses": [
    [
      "",
      8000
    ],
    [
      "",
      8001
    ],
    [
      "",
      8002
    ],
    [
      "",
      8003
    ],
    [
      "",
      8004
    ],
    [
      "",
      8005
    ]
  ],
  "rcv_pack": [
    0,
    2,
    1,
    2,
    0,
    0
  ],
  "send_pack": [
    1,
    0,
    2,
    3,
    3,
    0
  ]
}