{
  "address": [
    "",
    8000
  ],
  "neighbor_access_time": {
    "8000": 0.0,
    "8001": 0.141076549688975,
    "8002": 0.02812489668528239,
    "8003": 0.2709639898935954,
    "8004": 0.1246768021583557,
    "8005": 0.2567290782928467
  }
}{
  "address": [
    "",
    8001
  ],
  "neighbor_access_time": {
    "8000": 0.12800426483154298,
    "8001": 0.0,
    "8002": 0.14051253954569498,
    "8003": 0.12567424138387046,
    "8004": 0.034321122964223225,
    "8005": 0.198687424659729
  }
}{
  "address": [
    "",
    8002
  ],
  "neighbor_access_time": {
    "8000": 0.023827416896820067,
    "8001": 0.10958269278208414,
    "8002": 0.0,
    "8003": 0.06420374155044556,
    "8004": 0.08088208039601644,
    "8005": 0.0
  }
}{
  "address": [
    "",
    8003
  ],
  "neighbor_access_time": {
    "8000": 0.25330217043558756,
    "8001": 0.1317170246442159,
    "8002": 0.06384068648020426,
    "8003": 0.0,
    "8004": 0.15780407587687176,
    "8005": 0.06055114189783732
  }
}{
  "address": [
    "",
    8004
  ],
  "neighbor_access_time": {
    "8000": 0.0972890559832255,
    "8001": 0.040952935218811035,
    "8002": 0.075631316502889,
    "8003": 0.15796350320180258,
    "8004": 0.0,
    "8005": 0.07013682126998902
  }
}{
  "address": [
    "",
    8005
  ],
  "neighbor_access_time": {
    "8000": 0.2367458446820577,
    "8001": 0.20366825421651205,
    "8002": 0.0,
    "8003": 0.06885526021321614,
    "8004": 0.027177213827768963,
    "8005": 0.0
  }
}