{
  "address": [
    "",
    8000
  ],
  "neighbor_addresses": [
    [
      "",
      8000
    ],
    [
      "",
      8001
    ],
    [
      "",
      8002
    ],
    [
      "",
      8003
    ],
    [
      "",
      8004
    ],
    [
      "",
      8005
    ]
  ],
  "rcv_pack": [
    0,
    26,
    12,
    35,
    25,
    37
  ],
  "send_pack": [
    0,
    40,
    31,
    51,
    38,
    57
  ]
}{
  "address": [
    "",
    8001
  ],
  "neighbor_addresses": [
    [
      "",
      8000
    ],
    [
      "",
      8001
    ],
    [
      "",
      8002
    ],
    [
      "",
      8003
    ],
    [
      "",
      8004
    ],
    [
      "",
      8005
    ]
  ],
  "rcv_pack": [
    29,
    0,
    18,
    19,
    17,
    29
  ],
  "send_pack": [
    36,
    0,
    31,
    37,
    33,
    37
  ]
}{
  "address": [
    "",
    8002
  ],
  "neighbor_addresses": [
    [
      "",
      8000
    ],
    [
      "",
      8001
    ],
    [
      "",
      8002
    ],
    [
      "",
      8003
    ],
    [
      "",
      8004
    ],
    [
      "",
      8005
    ]
  ],
  "rcv_pack": [
    16,
    19,
    0,
    10,
    14,
    3
  ],
  "send_pack": [
    23,
    25,
    0,
    19,
    19,
    10
  ]
}{
  "address": [
    "",
    8003
  ],
  "neighbor_addresses": [
    [
      "",
      8000
    ],
    [
      "",
      8001
    ],
    [
      "",
      8002
    ],
    [
      "",
      8003
    ],
    [
      "",
      8004
    ],
    [
      "",
      8005
    ]
  ],
  "rcv_pack": [
    36,
    29,
    15,
    0,
    22,
    19
  ],
  "send_pack": [
    48,
    26,
    27,
    0,
    30,
    23
  ]
}{
  "address": [
    "",
    8004
  ],
  "neighbor_addresses": [
    [
      "",
      8000
    ],
    [
      "",
      8001
    ],
    [
      "",
      8002
    ],
    [
      "",
      8003
    ],
    [
      "",
      8004
    ],
    [
      "",
      8005
    ]
  ],
  "rcv_pack": [
    30,
    17,
    14,
    22,
    0,
    6
  ],
  "send_pack": [
    37,
    20,
    21,
    26,
    0,
    20
  ]
}{
  "address": [
    "",
    8005
  ],
  "neighbor_addresses": [
    [
      "",
      8000
    ],
    [
      "",
      8001
    ],
    [
      "",
      8002
    ],
    [
      "",
      8003
    ],
    [
      "",
      8004
    ],
    [
      "",
      8005
    ]
  ],
  "rcv_pack": [
    39,
    30,
    7,
    16,
    8,
    0
  ],
  "send_pack": [
    51,
    34,
    8,
    26,
    13,
    0
  ]
}